<?xml version="1.0" encoding="UTF-8"?>
<!-- Generated by org.testng.reporters.JUnitReportReporter -->
<testsuite skipped="0" hostname="ATMECSINLT-060" name="com.atmecs.qa.falcondashboard.testscript.TC24_ProductSnapShot" tests="3" failures="0" timestamp="25 Feb 2020 12:01:07 GMT" time="34.639" errors="0">
  <testcase name="productSnapShot" time="11.997" classname="com.atmecs.qa.falcondashboard.testscript.TC24_ProductSnapShot"/>
  <testcase name="productSnapShot" time="11.363" classname="com.atmecs.qa.falcondashboard.testscript.TC24_ProductSnapShot"/>
  <testcase name="productSnapShot" time="11.279" classname="com.atmecs.qa.falcondashboard.testscript.TC24_ProductSnapShot"/>
</testsuite> <!-- com.atmecs.qa.falcondashboard.testscript.TC24_ProductSnapShot -->
