<?xml version="1.0" encoding="UTF-8"?>
<!-- Generated by org.testng.reporters.JUnitReportReporter -->
<testsuite hostname="ATMECSINLT-060" failures="0" tests="1" name="com.atmecs.qa.falcondashboard.testscript.TC12_ComponentOfProduct" time="6.761" errors="0" timestamp="04 Feb 2020 13:25:47 GMT" skipped="0">
  <testcase classname="com.atmecs.qa.falcondashboard.testscript.TC12_ComponentOfProduct" name="componentOfProduct" time="6.761"/>
</testsuite> <!-- com.atmecs.qa.falcondashboard.testscript.TC12_ComponentOfProduct -->
