<?xml version="1.0" encoding="UTF-8"?>
<!-- Generated by org.testng.reporters.JUnitReportReporter -->
<testsuite hostname="ATMECSINLT-060" failures="0" tests="2" name="com.atmecs.qa.falcondashboard.testscript.TC18_ProductName" time="28.863" errors="0" timestamp="20 Feb 2020 14:06:21 GMT" skipped="0">
  <testcase classname="com.atmecs.qa.falcondashboard.testscript.TC18_ProductName" name="productName" time="11.403"/>
  <testcase classname="com.atmecs.qa.falcondashboard.testscript.TC18_ProductName" name="productName" time="17.460"/>
</testsuite> <!-- com.atmecs.qa.falcondashboard.testscript.TC18_ProductName -->
