<?xml version="1.0" encoding="UTF-8"?>
<!-- Generated by org.testng.reporters.JUnitReportReporter -->
<testsuite hostname="ATMECSINLT-060" failures="0" tests="1" name="com.atmecs.qa.falcondashboard.testscript.TC31_FailedTestCases" time="14.484" errors="0" timestamp="21 Feb 2020 05:42:12 GMT" skipped="0">
  <testcase classname="com.atmecs.qa.falcondashboard.testscript.TC31_FailedTestCases" name="failTestCases" time="14.484"/>
</testsuite> <!-- com.atmecs.qa.falcondashboard.testscript.TC31_FailedTestCases -->
