<?xml version="1.0" encoding="UTF-8"?>
<!-- Generated by org.testng.reporters.JUnitReportReporter -->
<testsuite hostname="ATMECSINLT-060" failures="0" tests="3" name="com.atmecs.qa.falcondashboard.testscript.TC15_SkippedTestCases" time="301.246" errors="0" timestamp="20 Mar 2020 14:00:17 GMT" skipped="0">
  <testcase classname="com.atmecs.qa.falcondashboard.testscript.TC15_SkippedTestCases" name="dropdownSkippedTestCases" time="87.695"/>
  <testcase classname="com.atmecs.qa.falcondashboard.testscript.TC15_SkippedTestCases" name="dropdownSkippedTestCases" time="108.786"/>
  <testcase classname="com.atmecs.qa.falcondashboard.testscript.TC15_SkippedTestCases" name="dropdownSkippedTestCases" time="104.765"/>
</testsuite> <!-- com.atmecs.qa.falcondashboard.testscript.TC15_SkippedTestCases -->
