<?xml version="1.0" encoding="UTF-8"?>
<!-- Generated by org.testng.reporters.JUnitReportReporter -->
<testsuite hostname="ATMECSINLT-060" failures="0" tests="3" name="com.atmecs.qa.falcondashboard.testscript.TC08_DashboardSlidder" time="233.430" errors="0" timestamp="17 Mar 2020 14:34:02 GMT" skipped="0">
  <testcase classname="com.atmecs.qa.falcondashboard.testscript.TC08_DashboardSlidder" name="dashboardSlidder" time="74.505"/>
  <testcase classname="com.atmecs.qa.falcondashboard.testscript.TC08_DashboardSlidder" name="dashboardSlidder" time="78.990"/>
  <testcase classname="com.atmecs.qa.falcondashboard.testscript.TC08_DashboardSlidder" name="dashboardSlidder" time="79.935"/>
</testsuite> <!-- com.atmecs.qa.falcondashboard.testscript.TC08_DashboardSlidder -->
