<?xml version="1.0" encoding="UTF-8"?>
<!-- Generated by org.testng.reporters.JUnitReportReporter -->
<testsuite hostname="ATMECSINLT-060" failures="0" tests="3" name="com.atmecs.qa.falcondashboard.testscript.TC04_ProductPercentage" time="160.337" errors="0" timestamp="10 Mar 2020 14:28:17 GMT" skipped="0">
  <testcase classname="com.atmecs.qa.falcondashboard.testscript.TC04_ProductPercentage" name="percentageOfProduct" time="46.518"/>
  <testcase classname="com.atmecs.qa.falcondashboard.testscript.TC04_ProductPercentage" name="percentageOfProduct" time="47.654"/>
  <testcase classname="com.atmecs.qa.falcondashboard.testscript.TC04_ProductPercentage" name="percentageOfProduct" time="66.165"/>
</testsuite> <!-- com.atmecs.qa.falcondashboard.testscript.TC04_ProductPercentage -->
