<?xml version="1.0" encoding="UTF-8"?>
<!-- Generated by org.testng.reporters.JUnitReportReporter -->
<testsuite hostname="ATMECSINLT-060" failures="0" tests="1" name="com.atmecs.qa.falcondashboard.testscript.TC08_Views" time="5.537" errors="0" timestamp="23 Jan 2020 13:56:48 GMT" skipped="0">
  <testcase classname="com.atmecs.qa.falcondashboard.testscript.TC08_Views" name="view" time="5.537"/>
</testsuite> <!-- com.atmecs.qa.falcondashboard.testscript.TC08_Views -->
