<?xml version="1.0" encoding="UTF-8"?>
<!-- Generated by org.testng.reporters.JUnitReportReporter -->
<testsuite hostname="ATMECSINLT-060" failures="0" tests="3" name="com.atmecs.qa.falcondashboard.testscript.TC38_MaximizingWindow" time="178.854" errors="0" timestamp="17 Mar 2020 14:34:02 GMT" skipped="0">
  <testcase classname="com.atmecs.qa.falcondashboard.testscript.TC38_MaximizingWindow" name="maximizeWindow" time="73.011"/>
  <testcase classname="com.atmecs.qa.falcondashboard.testscript.TC38_MaximizingWindow" name="maximizeWindow" time="54.953"/>
  <testcase classname="com.atmecs.qa.falcondashboard.testscript.TC38_MaximizingWindow" name="maximizeWindow" time="50.890"/>
</testsuite> <!-- com.atmecs.qa.falcondashboard.testscript.TC38_MaximizingWindow -->
