<?xml version="1.0" encoding="UTF-8"?>
<!-- Generated by org.testng.reporters.JUnitReportReporter -->
<testsuite hostname="ATMECSINLT-060" failures="0" tests="1" name="com.atmecs.qa.falcondashboard.testscript.TC04_ProductPercentage" time="48.555" errors="0" timestamp="06 Mar 2020 14:29:21 GMT" skipped="0">
  <testcase classname="com.atmecs.qa.falcondashboard.testscript.TC04_ProductPercentage" name="percentageOfProduct" time="48.555"/>
</testsuite> <!-- com.atmecs.qa.falcondashboard.testscript.TC04_ProductPercentage -->
