<?xml version="1.0" encoding="UTF-8"?>
<!-- Generated by org.testng.reporters.JUnitReportReporter -->
<testsuite hostname="ATMECSINLT-060" failures="0" tests="3" name="com.atmecs.qa.falcondashboard.testscript.TC10_TestPhase" time="165.816" errors="0" timestamp="20 Mar 2020 14:00:18 GMT" skipped="0">
  <testcase classname="com.atmecs.qa.falcondashboard.testscript.TC10_TestPhase" name="testPhase" time="55.236"/>
  <testcase classname="com.atmecs.qa.falcondashboard.testscript.TC10_TestPhase" name="testPhase" time="47.484"/>
  <testcase classname="com.atmecs.qa.falcondashboard.testscript.TC10_TestPhase" name="testPhase" time="63.096"/>
</testsuite> <!-- com.atmecs.qa.falcondashboard.testscript.TC10_TestPhase -->
