<?xml version="1.0" encoding="UTF-8"?>
<!-- Generated by org.testng.reporters.JUnitReportReporter -->
<testsuite hostname="ATMECSINLT-060" failures="0" tests="1" name="com.atmecs.qa.falcondashboard.testscript.TC39_DeleltingProduct" time="132.985" errors="0" timestamp="30 Mar 2020 12:40:12 GMT" skipped="0">
  <testcase classname="com.atmecs.qa.falcondashboard.testscript.TC39_DeleltingProduct" name="productDeletion" time="132.985"/>
</testsuite> <!-- com.atmecs.qa.falcondashboard.testscript.TC39_DeleltingProduct -->
