<?xml version="1.0" encoding="UTF-8"?>
<!-- Generated by org.testng.reporters.JUnitReportReporter -->
<testsuite skipped="0" hostname="ATMECSINLT-060" name="com.atmecs.qa.falcondashboard.testscript.TC14_FailedTestCases" tests="3" failures="0" timestamp="25 Feb 2020 12:01:07 GMT" time="97.659" errors="0">
  <testcase name="dropdownFailedTestCases" time="31.918" classname="com.atmecs.qa.falcondashboard.testscript.TC14_FailedTestCases"/>
  <testcase name="dropdownFailedTestCases" time="33.641" classname="com.atmecs.qa.falcondashboard.testscript.TC14_FailedTestCases"/>
  <testcase name="dropdownFailedTestCases" time="32.100" classname="com.atmecs.qa.falcondashboard.testscript.TC14_FailedTestCases"/>
</testsuite> <!-- com.atmecs.qa.falcondashboard.testscript.TC14_FailedTestCases -->
