<?xml version="1.0" encoding="UTF-8"?>
<!-- Generated by org.testng.reporters.JUnitReportReporter -->
<testsuite hostname="ATMECSINLT-060" failures="0" tests="1" name="com.atmecs.qa.falcondashboard.testscript.TC23_Refresh" time="11.679" errors="0" timestamp="21 Feb 2020 05:42:12 GMT" skipped="0">
  <testcase classname="com.atmecs.qa.falcondashboard.testscript.TC23_Refresh" name="refresh" time="11.679"/>
</testsuite> <!-- com.atmecs.qa.falcondashboard.testscript.TC23_Refresh -->
