<?xml version="1.0" encoding="UTF-8"?>
<!-- Generated by org.testng.reporters.JUnitReportReporter -->
<testsuite hostname="ATMECSINLT-060" failures="0" tests="3" name="com.atmecs.qa.falcondashboard.testscript.TC27_TotalTestCases" time="319.645" errors="0" timestamp="20 Mar 2020 14:00:18 GMT" skipped="0">
  <testcase classname="com.atmecs.qa.falcondashboard.testscript.TC27_TotalTestCases" name="totalTestCases" time="103.012"/>
  <testcase classname="com.atmecs.qa.falcondashboard.testscript.TC27_TotalTestCases" name="totalTestCases" time="95.631"/>
  <testcase classname="com.atmecs.qa.falcondashboard.testscript.TC27_TotalTestCases" name="totalTestCases" time="121.002"/>
</testsuite> <!-- com.atmecs.qa.falcondashboard.testscript.TC27_TotalTestCases -->
