<?xml version="1.0" encoding="UTF-8"?>
<!-- Generated by org.testng.reporters.JUnitReportReporter -->
<testsuite hostname="ATMECSINLT-060" failures="0" tests="1" name="com.atmecs.qa.falcondashboard.testscript.TC18_ProductName" time="2.359" errors="0" timestamp="18 Feb 2020 13:56:51 GMT" skipped="0">
  <testcase classname="com.atmecs.qa.falcondashboard.testscript.TC18_ProductName" name="productName" time="2.359"/>
</testsuite> <!-- com.atmecs.qa.falcondashboard.testscript.TC18_ProductName -->
