<?xml version="1.0" encoding="UTF-8"?>
<!-- Generated by org.testng.reporters.JUnitReportReporter -->
<testsuite hostname="ATMECSINLT-060" failures="0" tests="1" name="com.atmecs.qa.falcondashboard.testscript.TC09_StepsOfProduct" time="4.926" errors="0" timestamp="03 Feb 2020 13:06:06 GMT" skipped="0">
  <testcase classname="com.atmecs.qa.falcondashboard.testscript.TC09_StepsOfProduct" name="stepsofproduct" time="4.926"/>
</testsuite> <!-- com.atmecs.qa.falcondashboard.testscript.TC09_StepsOfProduct -->
