<?xml version="1.0" encoding="UTF-8"?>
<!-- Generated by org.testng.reporters.JUnitReportReporter -->
<testsuite hostname="ATMECSINLT-060" failures="0" tests="1" name="com.atmecs.qa.falcondashboard.testscript.TC31_FailedTestCases" time="4.770" errors="0" timestamp="07 Feb 2020 14:13:44 GMT" skipped="0">
  <testcase classname="com.atmecs.qa.falcondashboard.testscript.TC31_FailedTestCases" name="failTestCases" time="4.770"/>
</testsuite> <!-- com.atmecs.qa.falcondashboard.testscript.TC31_FailedTestCases -->
