<?xml version="1.0" encoding="UTF-8"?>
<!-- Generated by org.testng.reporters.JUnitReportReporter -->
<testsuite hostname="ATMECSINLT-060" failures="0" tests="1" name="com.atmecs.qa.falcondashboard.testscript.TC25_StepsOfProduct" time="5.721" errors="0" timestamp="12 Feb 2020 13:58:29 GMT" skipped="0">
  <testcase classname="com.atmecs.qa.falcondashboard.testscript.TC25_StepsOfProduct" name="stepsOfProduct" time="5.721"/>
</testsuite> <!-- com.atmecs.qa.falcondashboard.testscript.TC25_StepsOfProduct -->
