<?xml version="1.0" encoding="UTF-8"?>
<!-- Generated by org.testng.reporters.JUnitReportReporter -->
<testsuite hostname="ATMECSINLT-060" failures="0" tests="3" name="com.atmecs.qa.falcondashboard.testscript.TC17_RecentRuns" time="130.872" errors="0" timestamp="06 Mar 2020 14:10:25 GMT" skipped="0">
  <testcase classname="com.atmecs.qa.falcondashboard.testscript.TC17_RecentRuns" name="recentrun" time="40.971"/>
  <testcase classname="com.atmecs.qa.falcondashboard.testscript.TC17_RecentRuns" name="recentrun" time="38.753"/>
  <testcase classname="com.atmecs.qa.falcondashboard.testscript.TC17_RecentRuns" name="recentrun" time="51.148"/>
</testsuite> <!-- com.atmecs.qa.falcondashboard.testscript.TC17_RecentRuns -->
