<?xml version="1.0" encoding="UTF-8"?>
<!-- Generated by org.testng.reporters.JUnitReportReporter -->
<testsuite hostname="ATMECSINLT-060" failures="0" tests="3" name="com.atmecs.qa.falcondashboard.testscript.TC35_LastRun" time="100.470" errors="0" timestamp="26 Feb 2020 14:46:43 GMT" skipped="0">
  <testcase classname="com.atmecs.qa.falcondashboard.testscript.TC35_LastRun" name="lastRun" time="40.206"/>
  <testcase classname="com.atmecs.qa.falcondashboard.testscript.TC35_LastRun" name="lastRun" time="29.214"/>
  <testcase classname="com.atmecs.qa.falcondashboard.testscript.TC35_LastRun" name="lastRun" time="31.050"/>
</testsuite> <!-- com.atmecs.qa.falcondashboard.testscript.TC35_LastRun -->
