<?xml version="1.0" encoding="UTF-8"?>
<!-- Generated by org.testng.reporters.JUnitReportReporter -->
<testsuite hostname="ATMECSINLT-060" failures="0" tests="3" name="com.atmecs.qa.falcondashboard.testscript.TC39_OSBrowser" time="1494.773" errors="0" timestamp="20 Mar 2020 14:00:18 GMT" skipped="0">
  <testcase classname="com.atmecs.qa.falcondashboard.testscript.TC39_OSBrowser" name="osBrowser" time="632.783"/>
  <testcase classname="com.atmecs.qa.falcondashboard.testscript.TC39_OSBrowser" name="osBrowser" time="429.475"/>
  <testcase classname="com.atmecs.qa.falcondashboard.testscript.TC39_OSBrowser" name="osBrowser" time="432.515"/>
</testsuite> <!-- com.atmecs.qa.falcondashboard.testscript.TC39_OSBrowser -->
