<?xml version="1.0" encoding="UTF-8"?>
<!-- Generated by org.testng.reporters.JUnitReportReporter -->
<testsuite skipped="0" hostname="ATMECSINLT-060" name="com.atmecs.qa.falcondashboard.testscript.TC19_ProductComponent" tests="3" failures="0" timestamp="25 Feb 2020 12:01:07 GMT" time="84.636" errors="0">
  <testcase name="componentOfProduct" time="24.857" classname="com.atmecs.qa.falcondashboard.testscript.TC19_ProductComponent"/>
  <testcase name="componentOfProduct" time="35.091" classname="com.atmecs.qa.falcondashboard.testscript.TC19_ProductComponent"/>
  <testcase name="componentOfProduct" time="24.688" classname="com.atmecs.qa.falcondashboard.testscript.TC19_ProductComponent"/>
</testsuite> <!-- com.atmecs.qa.falcondashboard.testscript.TC19_ProductComponent -->
