<?xml version="1.0" encoding="UTF-8"?>
<!-- Generated by org.testng.reporters.JUnitReportReporter -->
<testsuite hostname="ATMECSINLT-060" failures="0" tests="1" name="com.atmecs.qa.falcondashboard.testscript.TC12_ComponentOfProduct" time="7.662" errors="0" timestamp="03 Feb 2020 13:14:38 GMT" skipped="0">
  <testcase classname="com.atmecs.qa.falcondashboard.testscript.TC12_ComponentOfProduct" name="componentofproduct" time="7.662"/>
</testsuite> <!-- com.atmecs.qa.falcondashboard.testscript.TC12_ComponentOfProduct -->
