<?xml version="1.0" encoding="UTF-8"?>
<!-- Generated by org.testng.reporters.JUnitReportReporter -->
<testsuite hostname="ATMECSINLT-060" failures="0" tests="3" name="com.atmecs.qa.falcondashboard.testscript.TC03_TestCases" time="245.996" errors="0" timestamp="13 Mar 2020 13:49:09 GMT" skipped="0">
  <testcase classname="com.atmecs.qa.falcondashboard.testscript.TC03_TestCases" name="numberofTestCasesOfProduct" time="35.715"/>
  <testcase classname="com.atmecs.qa.falcondashboard.testscript.TC03_TestCases" name="numberofTestCasesOfProduct" time="34.647"/>
  <testcase classname="com.atmecs.qa.falcondashboard.testscript.TC03_TestCases" name="numberofTestCasesOfProduct" time="175.634"/>
</testsuite> <!-- com.atmecs.qa.falcondashboard.testscript.TC03_TestCases -->
