<?xml version="1.0" encoding="UTF-8"?>
<!-- Generated by org.testng.reporters.JUnitReportReporter -->
<testsuite hostname="ATMECSINLT-060" failures="0" tests="2" name="com.atmecs.qa.falcondashboard.testscript.TC23_Refresh" time="68.880" errors="0" timestamp="28 Feb 2020 07:02:00 GMT" skipped="0">
  <testcase classname="com.atmecs.qa.falcondashboard.testscript.TC23_Refresh" name="refresh" time="33.033"/>
  <testcase classname="com.atmecs.qa.falcondashboard.testscript.TC23_Refresh" name="refresh" time="35.847"/>
</testsuite> <!-- com.atmecs.qa.falcondashboard.testscript.TC23_Refresh -->
