<?xml version="1.0" encoding="UTF-8"?>
<!-- Generated by org.testng.reporters.JUnitReportReporter -->
<testsuite hostname="ATMECSINLT-060" failures="0" tests="3" name="com.atmecs.qa.falcondashboard.testscript.TC30_ColorOfFailedTestCases" time="126.718" errors="0" timestamp="13 Mar 2020 13:49:09 GMT" skipped="0">
  <testcase classname="com.atmecs.qa.falcondashboard.testscript.TC30_ColorOfFailedTestCases" name="colorofFailedTestCases" time="46.843"/>
  <testcase classname="com.atmecs.qa.falcondashboard.testscript.TC30_ColorOfFailedTestCases" name="colorofFailedTestCases" time="37.873"/>
  <testcase classname="com.atmecs.qa.falcondashboard.testscript.TC30_ColorOfFailedTestCases" name="colorofFailedTestCases" time="42.002"/>
</testsuite> <!-- com.atmecs.qa.falcondashboard.testscript.TC30_ColorOfFailedTestCases -->
