<?xml version="1.0" encoding="UTF-8"?>
<!-- Generated by org.testng.reporters.JUnitReportReporter -->
<testsuite hostname="ATMECSINLT-060" failures="0" tests="1" name="com.atmecs.qa.falcondashboard.testscript.TC31_FailedTestCases" time="4.736" errors="0" timestamp="14 Feb 2020 13:49:22 GMT" skipped="0">
  <testcase classname="com.atmecs.qa.falcondashboard.testscript.TC31_FailedTestCases" name="failTestCases" time="4.736"/>
</testsuite> <!-- com.atmecs.qa.falcondashboard.testscript.TC31_FailedTestCases -->
