<?xml version="1.0" encoding="UTF-8"?>
<!-- Generated by org.testng.reporters.JUnitReportReporter -->
<testsuite hostname="ATMECSINLT-060" failures="0" tests="1" name="com.atmecs.qa.falcondashboard.testscript.TC02_ClickingProduct" time="41.889" errors="0" timestamp="06 Mar 2020 14:29:21 GMT" skipped="0">
  <testcase classname="com.atmecs.qa.falcondashboard.testscript.TC02_ClickingProduct" name="clickingProduct" time="41.889"/>
</testsuite> <!-- com.atmecs.qa.falcondashboard.testscript.TC02_ClickingProduct -->
