<?xml version="1.0" encoding="UTF-8"?>
<!-- Generated by org.testng.reporters.JUnitReportReporter -->
<testsuite hostname="ATMECSINLT-060" failures="0" tests="1" name="com.atmecs.qa.falcondashboard.testscript.TC10_TestCases" time="16.729" errors="0" timestamp="04 Feb 2020 13:25:47 GMT" skipped="0">
  <testcase classname="com.atmecs.qa.falcondashboard.testscript.TC10_TestCases" name="testCasesOfProduct" time="16.729"/>
</testsuite> <!-- com.atmecs.qa.falcondashboard.testscript.TC10_TestCases -->
