<?xml version="1.0" encoding="UTF-8"?>
<!-- Generated by org.testng.reporters.JUnitReportReporter -->
<testsuite hostname="ATMECSINLT-060" failures="0" tests="3" name="com.atmecs.qa.falcondashboard.testscript.TC28_ColorOfPassTestCases" time="128.753" errors="0" timestamp="13 Mar 2020 13:49:09 GMT" skipped="0">
  <testcase classname="com.atmecs.qa.falcondashboard.testscript.TC28_ColorOfPassTestCases" name="colorofPassedTestCases" time="39.331"/>
  <testcase classname="com.atmecs.qa.falcondashboard.testscript.TC28_ColorOfPassTestCases" name="colorofPassedTestCases" time="40.347"/>
  <testcase classname="com.atmecs.qa.falcondashboard.testscript.TC28_ColorOfPassTestCases" name="colorofPassedTestCases" time="49.075"/>
</testsuite> <!-- com.atmecs.qa.falcondashboard.testscript.TC28_ColorOfPassTestCases -->
