<?xml version="1.0" encoding="UTF-8"?>
<!-- Generated by org.testng.reporters.JUnitReportReporter -->
<testsuite hostname="ATMECSINLT-060" failures="0" tests="1" name="com.atmecs.qa.falcondashboard.testscript.TC12_DateOfExecution" time="2.310" errors="0" timestamp="10 Feb 2020 07:15:40 GMT" skipped="0">
  <testcase classname="com.atmecs.qa.falcondashboard.testscript.TC12_DateOfExecution" name="dateOfExecution" time="2.310"/>
</testsuite> <!-- com.atmecs.qa.falcondashboard.testscript.TC12_DateOfExecution -->
