<?xml version="1.0" encoding="UTF-8"?>
<!-- Generated by org.testng.reporters.JUnitReportReporter -->
<testsuite hostname="ATMECSINLT-060" failures="0" tests="3" name="com.atmecs.qa.falcondashboard.testscript.TC31_FailedTestCases" time="256.573" errors="0" timestamp="18 Mar 2020 11:27:23 GMT" skipped="0">
  <testcase classname="com.atmecs.qa.falcondashboard.testscript.TC31_FailedTestCases" name="failTestCases" time="82.141"/>
  <testcase classname="com.atmecs.qa.falcondashboard.testscript.TC31_FailedTestCases" name="failTestCases" time="93.150"/>
  <testcase classname="com.atmecs.qa.falcondashboard.testscript.TC31_FailedTestCases" name="failTestCases" time="81.282"/>
</testsuite> <!-- com.atmecs.qa.falcondashboard.testscript.TC31_FailedTestCases -->
