<?xml version="1.0" encoding="UTF-8"?>
<!-- Generated by org.testng.reporters.JUnitReportReporter -->
<testsuite skipped="0" hostname="ATMECSINLT-060" name="com.atmecs.qa.falcondashboard.testscript.TC21_PassPercentage" tests="3" failures="0" timestamp="25 Feb 2020 12:01:07 GMT" time="44.979" errors="0">
  <testcase name="rececntPassPercentage" time="13.370" classname="com.atmecs.qa.falcondashboard.testscript.TC21_PassPercentage"/>
  <testcase name="rececntPassPercentage" time="12.789" classname="com.atmecs.qa.falcondashboard.testscript.TC21_PassPercentage"/>
  <testcase name="rececntPassPercentage" time="18.820" classname="com.atmecs.qa.falcondashboard.testscript.TC21_PassPercentage"/>
</testsuite> <!-- com.atmecs.qa.falcondashboard.testscript.TC21_PassPercentage -->
