<?xml version="1.0" encoding="UTF-8"?>
<!-- Generated by org.testng.reporters.JUnitReportReporter -->
<testsuite skipped="0" hostname="ATMECSINLT-060" name="com.atmecs.qa.falcondashboard.testscript.TC33_SkippedTestCases" tests="3" failures="0" timestamp="25 Feb 2020 12:01:07 GMT" time="100.455" errors="0">
  <testcase name="skippedTestCases" time="35.344" classname="com.atmecs.qa.falcondashboard.testscript.TC33_SkippedTestCases"/>
  <testcase name="skippedTestCases" time="32.297" classname="com.atmecs.qa.falcondashboard.testscript.TC33_SkippedTestCases"/>
  <testcase name="skippedTestCases" time="32.814" classname="com.atmecs.qa.falcondashboard.testscript.TC33_SkippedTestCases"/>
</testsuite> <!-- com.atmecs.qa.falcondashboard.testscript.TC33_SkippedTestCases -->
