<?xml version="1.0" encoding="UTF-8"?>
<!-- Generated by org.testng.reporters.JUnitReportReporter -->
<testsuite hostname="ATMECSINLT-060" failures="0" tests="1" name="com.atmecs.qa.falcondashboard.testscript.TC33_SkippedTestCases" time="9.570" errors="0" timestamp="06 Feb 2020 14:15:56 GMT" skipped="0">
  <testcase classname="com.atmecs.qa.falcondashboard.testscript.TC33_SkippedTestCases" name="skiptestcases" time="9.570"/>
</testsuite> <!-- com.atmecs.qa.falcondashboard.testscript.TC33_SkippedTestCases -->
