<?xml version="1.0" encoding="UTF-8"?>
<!-- Generated by org.testng.reporters.JUnitReportReporter -->
<testsuite hostname="ATMECSINLT-060" failures="0" tests="1" name="com.atmecs.qa.falcondashboard.testscript.TC19_ComponentOfProduct" time="4.889" errors="0" timestamp="10 Feb 2020 07:15:41 GMT" skipped="0">
  <testcase classname="com.atmecs.qa.falcondashboard.testscript.TC19_ComponentOfProduct" name="componentOfProduct" time="4.889"/>
</testsuite> <!-- com.atmecs.qa.falcondashboard.testscript.TC19_ComponentOfProduct -->
