<?xml version="1.0" encoding="UTF-8"?>
<!-- Generated by org.testng.reporters.JUnitReportReporter -->
<testsuite hostname="ATMECSINLT-060" failures="0" tests="1" name="com.atmecs.qa.falcondashboard.testscript.TC38_MaximizingWindow" time="35.726" errors="0" timestamp="06 Mar 2020 14:29:21 GMT" skipped="0">
  <testcase classname="com.atmecs.qa.falcondashboard.testscript.TC38_MaximizingWindow" name="maximizeWindow" time="35.726"/>
</testsuite> <!-- com.atmecs.qa.falcondashboard.testscript.TC38_MaximizingWindow -->
