<?xml version="1.0" encoding="UTF-8"?>
<!-- Generated by org.testng.reporters.JUnitReportReporter -->
<testsuite skipped="0" hostname="ATMECSINLT-060" name="com.atmecs.qa.falcondashboard.testscript.TC36_StartTime" tests="3" failures="0" timestamp="25 Feb 2020 12:01:07 GMT" time="68.507" errors="0">
  <testcase name="startTime" time="22.097" classname="com.atmecs.qa.falcondashboard.testscript.TC36_StartTime"/>
  <testcase name="startTime" time="24.601" classname="com.atmecs.qa.falcondashboard.testscript.TC36_StartTime"/>
  <testcase name="startTime" time="21.809" classname="com.atmecs.qa.falcondashboard.testscript.TC36_StartTime"/>
</testsuite> <!-- com.atmecs.qa.falcondashboard.testscript.TC36_StartTime -->
