<?xml version="1.0" encoding="UTF-8"?>
<!-- Generated by org.testng.reporters.JUnitReportReporter -->
<testsuite hostname="ATMECSINLT-060" failures="0" tests="3" name="com.atmecs.qa.falcondashboard.testscript.TC06_ProductMedium" time="112.436" errors="0" timestamp="20 Mar 2020 14:00:18 GMT" skipped="0">
  <testcase classname="com.atmecs.qa.falcondashboard.testscript.TC06_ProductMedium" name="mediumOfProduct" time="50.766"/>
  <testcase classname="com.atmecs.qa.falcondashboard.testscript.TC06_ProductMedium" name="mediumOfProduct" time="29.618"/>
  <testcase classname="com.atmecs.qa.falcondashboard.testscript.TC06_ProductMedium" name="mediumOfProduct" time="32.052"/>
</testsuite> <!-- com.atmecs.qa.falcondashboard.testscript.TC06_ProductMedium -->
