<?xml version="1.0" encoding="UTF-8"?>
<!-- Generated by org.testng.reporters.JUnitReportReporter -->
<testsuite hostname="ATMECSINLT-060" failures="0" tests="1" name="com.atmecs.qa.falcondashboard.testscript.TC03_ExecutionTime" time="5.629" errors="0" timestamp="04 Feb 2020 13:25:48 GMT" skipped="0">
  <testcase classname="com.atmecs.qa.falcondashboard.testscript.TC03_ExecutionTime" name="executionTimeOfProduct" time="5.629"/>
</testsuite> <!-- com.atmecs.qa.falcondashboard.testscript.TC03_ExecutionTime -->
