<?xml version="1.0" encoding="UTF-8"?>
<!-- Generated by org.testng.reporters.JUnitReportReporter -->
<testsuite skipped="0" hostname="ATMECSINLT-060" name="com.atmecs.qa.falcondashboard.testscript.TC32_ColorOfSkippedTestCases" tests="3" failures="0" timestamp="25 Feb 2020 12:01:07 GMT" time="68.630" errors="0">
  <testcase name="colorofSkippedTestCases" time="22.312" classname="com.atmecs.qa.falcondashboard.testscript.TC32_ColorOfSkippedTestCases"/>
  <testcase name="colorofSkippedTestCases" time="24.222" classname="com.atmecs.qa.falcondashboard.testscript.TC32_ColorOfSkippedTestCases"/>
  <testcase name="colorofSkippedTestCases" time="22.096" classname="com.atmecs.qa.falcondashboard.testscript.TC32_ColorOfSkippedTestCases"/>
</testsuite> <!-- com.atmecs.qa.falcondashboard.testscript.TC32_ColorOfSkippedTestCases -->
