<?xml version="1.0" encoding="UTF-8"?>
<!-- Generated by org.testng.reporters.JUnitReportReporter -->
<testsuite hostname="ATMECSINLT-060" failures="0" tests="2" name="com.atmecs.qa.falcondashboard.testscript.TC27_TotalTestCases" time="228.253" errors="0" timestamp="17 Mar 2020 14:34:02 GMT" skipped="0">
  <testcase classname="com.atmecs.qa.falcondashboard.testscript.TC27_TotalTestCases" name="totalTestCases" time="128.373"/>
  <testcase classname="com.atmecs.qa.falcondashboard.testscript.TC27_TotalTestCases" name="totalTestCases" time="99.880"/>
</testsuite> <!-- com.atmecs.qa.falcondashboard.testscript.TC27_TotalTestCases -->
