<?xml version="1.0" encoding="UTF-8"?>
<!-- Generated by org.testng.reporters.JUnitReportReporter -->
<testsuite hostname="ATMECSINLT-060" failures="0" tests="3" name="com.atmecs.qa.falcondashboard.testscript.TC13_PassedTestCases" time="219.329" errors="0" timestamp="18 Mar 2020 11:27:23 GMT" skipped="0">
  <testcase classname="com.atmecs.qa.falcondashboard.testscript.TC13_PassedTestCases" name="dropdownPassedTestCases" time="88.200"/>
  <testcase classname="com.atmecs.qa.falcondashboard.testscript.TC13_PassedTestCases" name="dropdownPassedTestCases" time="65.785"/>
  <testcase classname="com.atmecs.qa.falcondashboard.testscript.TC13_PassedTestCases" name="dropdownPassedTestCases" time="65.344"/>
</testsuite> <!-- com.atmecs.qa.falcondashboard.testscript.TC13_PassedTestCases -->
