<?xml version="1.0" encoding="UTF-8"?>
<!-- Generated by org.testng.reporters.JUnitReportReporter -->
<testsuite hostname="ATMECSINLT-060" failures="0" tests="1" name="com.atmecs.qa.falcondashboard.testscript.TC11_DownloadOption" time="2.495" errors="0" timestamp="12 Feb 2020 13:58:30 GMT" skipped="0">
  <testcase classname="com.atmecs.qa.falcondashboard.testscript.TC11_DownloadOption" name="downloadOption" time="2.495"/>
</testsuite> <!-- com.atmecs.qa.falcondashboard.testscript.TC11_DownloadOption -->
