<?xml version="1.0" encoding="UTF-8"?>
<!-- Generated by org.testng.reporters.JUnitReportReporter -->
<testsuite hostname="ATMECSINLT-060" failures="0" tests="1" name="com.atmecs.qa.falcondashboard.testscript.ExtentReport" time="9.968" errors="0" timestamp="06 Mar 2020 11:42:16 GMT" skipped="0">
  <testcase classname="com.atmecs.qa.falcondashboard.testscript.ExtentReport" name="extentReportsDemo" time="9.968"/>
</testsuite> <!-- com.atmecs.qa.falcondashboard.testscript.ExtentReport -->
