<?xml version="1.0" encoding="UTF-8"?>
<!-- Generated by org.testng.reporters.JUnitReportReporter -->
<testsuite hostname="ATMECSINLT-060" failures="0" tests="2" name="com.atmecs.qa.falcondashboard.testscript.TC02_ClickingProduct" time="99.967" errors="0" timestamp="28 Feb 2020 07:02:00 GMT" skipped="0">
  <testcase classname="com.atmecs.qa.falcondashboard.testscript.TC02_ClickingProduct" name="clickingProduct" time="41.512"/>
  <testcase classname="com.atmecs.qa.falcondashboard.testscript.TC02_ClickingProduct" name="clickingProduct" time="58.455"/>
</testsuite> <!-- com.atmecs.qa.falcondashboard.testscript.TC02_ClickingProduct -->
