<?xml version="1.0" encoding="UTF-8"?>
<!-- Generated by org.testng.reporters.JUnitReportReporter -->
<testsuite skipped="0" hostname="ATMECSINLT-060" name="com.atmecs.qa.falcondashboard.testscript.TC12_ExecutionDate" tests="3" failures="0" timestamp="25 Feb 2020 12:01:07 GMT" time="65.994" errors="0">
  <testcase name="dateOfExecution" time="21.392" classname="com.atmecs.qa.falcondashboard.testscript.TC12_ExecutionDate"/>
  <testcase name="dateOfExecution" time="21.483" classname="com.atmecs.qa.falcondashboard.testscript.TC12_ExecutionDate"/>
  <testcase name="dateOfExecution" time="23.119" classname="com.atmecs.qa.falcondashboard.testscript.TC12_ExecutionDate"/>
</testsuite> <!-- com.atmecs.qa.falcondashboard.testscript.TC12_ExecutionDate -->
