<?xml version="1.0" encoding="UTF-8"?>
<!-- Generated by org.testng.reporters.JUnitReportReporter -->
<testsuite hostname="ATMECSINLT-060" failures="0" tests="1" name="com.atmecs.qa.falcondashboard.utils.SeleniumGrid" time="14.995" errors="0" timestamp="27 Feb 2020 10:47:34 GMT" skipped="0">
  <testcase classname="com.atmecs.qa.falcondashboard.utils.SeleniumGrid" name="before" time="14.995"/>
</testsuite> <!-- com.atmecs.qa.falcondashboard.utils.SeleniumGrid -->
