<?xml version="1.0" encoding="UTF-8"?>
<!-- Generated by org.testng.reporters.JUnitReportReporter -->
<testsuite hostname="ATMECSINLT-060" failures="0" tests="3" name="com.atmecs.qa.falcondashboard.testscript.TC35_LastRun" time="143.197" errors="0" timestamp="12 Mar 2020 13:21:21 GMT" skipped="0">
  <testcase classname="com.atmecs.qa.falcondashboard.testscript.TC35_LastRun" name="lastRun" time="38.539"/>
  <testcase classname="com.atmecs.qa.falcondashboard.testscript.TC35_LastRun" name="lastRun" time="61.032"/>
  <testcase classname="com.atmecs.qa.falcondashboard.testscript.TC35_LastRun" name="lastRun" time="43.626"/>
</testsuite> <!-- com.atmecs.qa.falcondashboard.testscript.TC35_LastRun -->
