<?xml version="1.0" encoding="UTF-8"?>
<!-- Generated by org.testng.reporters.JUnitReportReporter -->
<testsuite hostname="ATMECSINLT-060" failures="0" tests="1" name="com.atmecs.qa.falcondashboard.testscript.TC03_TestCases" time="4.658" errors="0" timestamp="14 Feb 2020 13:49:22 GMT" skipped="0">
  <testcase classname="com.atmecs.qa.falcondashboard.testscript.TC03_TestCases" name="numberofTestCasesOfProduct" time="4.658"/>
</testsuite> <!-- com.atmecs.qa.falcondashboard.testscript.TC03_TestCases -->
