<?xml version="1.0" encoding="UTF-8"?>
<!-- Generated by org.testng.reporters.JUnitReportReporter -->
<testsuite hostname="ATMECSINLT-060" failures="0" tests="3" name="com.atmecs.qa.falcondashboard.testscript.TC32_ColorOfSkippedTestCases" time="205.015" errors="0" timestamp="16 Mar 2020 14:17:20 GMT" skipped="0">
  <testcase classname="com.atmecs.qa.falcondashboard.testscript.TC32_ColorOfSkippedTestCases" name="colorofSkippedTestCases" time="67.147"/>
  <testcase classname="com.atmecs.qa.falcondashboard.testscript.TC32_ColorOfSkippedTestCases" name="colorofSkippedTestCases" time="64.974"/>
  <testcase classname="com.atmecs.qa.falcondashboard.testscript.TC32_ColorOfSkippedTestCases" name="colorofSkippedTestCases" time="72.894"/>
</testsuite> <!-- com.atmecs.qa.falcondashboard.testscript.TC32_ColorOfSkippedTestCases -->
