<?xml version="1.0" encoding="UTF-8"?>
<!-- Generated by org.testng.reporters.JUnitReportReporter -->
<testsuite hostname="ATMECSINLT-060" failures="0" tests="3" name="com.atmecs.qa.falcondashboard.testscript.TC24_ProductSnapShot" time="117.839" errors="0" timestamp="26 Feb 2020 14:46:43 GMT" skipped="0">
  <testcase classname="com.atmecs.qa.falcondashboard.testscript.TC24_ProductSnapShot" name="productSnapShot" time="24.142"/>
  <testcase classname="com.atmecs.qa.falcondashboard.testscript.TC24_ProductSnapShot" name="productSnapShot" time="59.212"/>
  <testcase classname="com.atmecs.qa.falcondashboard.testscript.TC24_ProductSnapShot" name="productSnapShot" time="34.485"/>
</testsuite> <!-- com.atmecs.qa.falcondashboard.testscript.TC24_ProductSnapShot -->
