<?xml version="1.0" encoding="UTF-8"?>
<!-- Generated by org.testng.reporters.JUnitReportReporter -->
<testsuite hostname="ATMECSINLT-060" failures="0" tests="1" name="com.atmecs.qa.falcondashboard.testscript.TC29_PassedTestCases" time="87.335" errors="0" timestamp="04 Mar 2020 11:07:50 GMT" skipped="0">
  <testcase classname="com.atmecs.qa.falcondashboard.testscript.TC29_PassedTestCases" name="passTestCases" time="87.335"/>
</testsuite> <!-- com.atmecs.qa.falcondashboard.testscript.TC29_PassedTestCases -->
