<?xml version="1.0" encoding="UTF-8"?>
<!-- Generated by org.testng.reporters.JUnitReportReporter -->
<testsuite skipped="0" hostname="ATMECSINLT-060" name="com.atmecs.qa.falcondashboard.testscript.TC28_ColorOfPassTestCases" tests="3" failures="0" timestamp="25 Feb 2020 12:01:07 GMT" time="67.813" errors="0">
  <testcase name="colorofPassedTestCases" time="22.128" classname="com.atmecs.qa.falcondashboard.testscript.TC28_ColorOfPassTestCases"/>
  <testcase name="colorofPassedTestCases" time="21.861" classname="com.atmecs.qa.falcondashboard.testscript.TC28_ColorOfPassTestCases"/>
  <testcase name="colorofPassedTestCases" time="23.824" classname="com.atmecs.qa.falcondashboard.testscript.TC28_ColorOfPassTestCases"/>
</testsuite> <!-- com.atmecs.qa.falcondashboard.testscript.TC28_ColorOfPassTestCases -->
