<?xml version="1.0" encoding="UTF-8"?>
<!-- Generated by org.testng.reporters.JUnitReportReporter -->
<testsuite hostname="ATMECSINLT-060" failures="0" tests="3" name="com.atmecs.qa.falcondashboard.testscript.TC01_DashBoardPage" time="98.273" errors="0" timestamp="26 Feb 2020 14:46:43 GMT" skipped="0">
  <testcase classname="com.atmecs.qa.falcondashboard.testscript.TC01_DashBoardPage" name="dashboardPage" time="22.460"/>
  <testcase classname="com.atmecs.qa.falcondashboard.testscript.TC01_DashBoardPage" name="dashboardPage" time="31.420"/>
  <testcase classname="com.atmecs.qa.falcondashboard.testscript.TC01_DashBoardPage" name="dashboardPage" time="44.393"/>
</testsuite> <!-- com.atmecs.qa.falcondashboard.testscript.TC01_DashBoardPage -->
