<?xml version="1.0" encoding="UTF-8"?>
<!-- Generated by org.testng.reporters.JUnitReportReporter -->
<testsuite hostname="ATMECSINLT-060" failures="0" tests="3" name="com.atmecs.qa.falcondashboard.testscript.TC01_DashBoardPage" time="145.307" errors="0" timestamp="17 Mar 2020 14:34:02 GMT" skipped="0">
  <testcase classname="com.atmecs.qa.falcondashboard.testscript.TC01_DashBoardPage" name="dashboardPage" time="44.205"/>
  <testcase classname="com.atmecs.qa.falcondashboard.testscript.TC01_DashBoardPage" name="dashboardPage" time="52.259"/>
  <testcase classname="com.atmecs.qa.falcondashboard.testscript.TC01_DashBoardPage" name="dashboardPage" time="48.843"/>
</testsuite> <!-- com.atmecs.qa.falcondashboard.testscript.TC01_DashBoardPage -->
