<?xml version="1.0" encoding="UTF-8"?>
<!-- Generated by org.testng.reporters.JUnitReportReporter -->
<testsuite hostname="ATMECSINLT-060" failures="0" tests="2" name="com.atmecs.qa.falcondashboard.testscript.TC30_ColorOfFailedTestCases" time="76.800" errors="0" timestamp="28 Feb 2020 07:02:00 GMT" skipped="0">
  <testcase classname="com.atmecs.qa.falcondashboard.testscript.TC30_ColorOfFailedTestCases" name="colorofFailedTestCases" time="39.655"/>
  <testcase classname="com.atmecs.qa.falcondashboard.testscript.TC30_ColorOfFailedTestCases" name="colorofFailedTestCases" time="37.145"/>
</testsuite> <!-- com.atmecs.qa.falcondashboard.testscript.TC30_ColorOfFailedTestCases -->
