<?xml version="1.0" encoding="UTF-8"?>
<!-- Generated by org.testng.reporters.JUnitReportReporter -->
<testsuite hostname="ATMECSINLT-060" failures="0" tests="3" name="com.atmecs.qa.falcondashboard.testscript.TC37_EndTime" time="146.277" errors="0" timestamp="13 Mar 2020 13:49:09 GMT" skipped="0">
  <testcase classname="com.atmecs.qa.falcondashboard.testscript.TC37_EndTime" name="endTime" time="35.775"/>
  <testcase classname="com.atmecs.qa.falcondashboard.testscript.TC37_EndTime" name="endTime" time="72.338"/>
  <testcase classname="com.atmecs.qa.falcondashboard.testscript.TC37_EndTime" name="endTime" time="38.164"/>
</testsuite> <!-- com.atmecs.qa.falcondashboard.testscript.TC37_EndTime -->
