<?xml version="1.0" encoding="UTF-8"?>
<!-- Generated by org.testng.reporters.JUnitReportReporter -->
<testsuite hostname="ATMECSINLT-060" failures="0" tests="3" name="com.atmecs.qa.falcondashboard.testscript.TC16_MainNavigation" time="253.345" errors="0" timestamp="10 Mar 2020 14:28:17 GMT" skipped="0">
  <testcase classname="com.atmecs.qa.falcondashboard.testscript.TC16_MainNavigation" name="mainNavigation" time="69.691"/>
  <testcase classname="com.atmecs.qa.falcondashboard.testscript.TC16_MainNavigation" name="mainNavigation" time="112.098"/>
  <testcase classname="com.atmecs.qa.falcondashboard.testscript.TC16_MainNavigation" name="mainNavigation" time="71.556"/>
</testsuite> <!-- com.atmecs.qa.falcondashboard.testscript.TC16_MainNavigation -->
