<?xml version="1.0" encoding="UTF-8"?>
<!-- Generated by org.testng.reporters.JUnitReportReporter -->
<testsuite skipped="0" hostname="ATMECSINLT-060" name="com.atmecs.qa.falcondashboard.testscript.TC15_SkippedTestCases" tests="3" failures="0" timestamp="25 Feb 2020 12:01:07 GMT" time="96.931" errors="0">
  <testcase name="dropdownSkippedTestCases" time="32.152" classname="com.atmecs.qa.falcondashboard.testscript.TC15_SkippedTestCases"/>
  <testcase name="dropdownSkippedTestCases" time="32.965" classname="com.atmecs.qa.falcondashboard.testscript.TC15_SkippedTestCases"/>
  <testcase name="dropdownSkippedTestCases" time="31.814" classname="com.atmecs.qa.falcondashboard.testscript.TC15_SkippedTestCases"/>
</testsuite> <!-- com.atmecs.qa.falcondashboard.testscript.TC15_SkippedTestCases -->
