<?xml version="1.0" encoding="UTF-8"?>
<!-- Generated by org.testng.reporters.JUnitReportReporter -->
<testsuite hostname="ATMECSINLT-060" failures="0" tests="3" name="com.atmecs.qa.falcondashboard.testscript.TC12_ExecutionDate" time="118.579" errors="0" timestamp="06 Mar 2020 14:10:25 GMT" skipped="0">
  <testcase classname="com.atmecs.qa.falcondashboard.testscript.TC12_ExecutionDate" name="dateOfExecution" time="47.625"/>
  <testcase classname="com.atmecs.qa.falcondashboard.testscript.TC12_ExecutionDate" name="dateOfExecution" time="36.125"/>
  <testcase classname="com.atmecs.qa.falcondashboard.testscript.TC12_ExecutionDate" name="dateOfExecution" time="34.829"/>
</testsuite> <!-- com.atmecs.qa.falcondashboard.testscript.TC12_ExecutionDate -->
