<?xml version="1.0" encoding="UTF-8"?>
<!-- Generated by org.testng.reporters.JUnitReportReporter -->
<testsuite hostname="ATMECSINLT-060" failures="0" tests="2" name="com.atmecs.qa.falcondashboard.testscript.TC29_PassedTestCases" time="35.350" errors="0" timestamp="20 Feb 2020 14:06:21 GMT" skipped="0">
  <testcase classname="com.atmecs.qa.falcondashboard.testscript.TC29_PassedTestCases" name="passTestCases" time="14.136"/>
  <testcase classname="com.atmecs.qa.falcondashboard.testscript.TC29_PassedTestCases" name="passTestCases" time="21.214"/>
</testsuite> <!-- com.atmecs.qa.falcondashboard.testscript.TC29_PassedTestCases -->
