<?xml version="1.0" encoding="UTF-8"?>
<!-- Generated by org.testng.reporters.JUnitReportReporter -->
<testsuite skipped="0" hostname="ATMECSINLT-060" name="com.atmecs.qa.falcondashboard.testscript.TC16_MainNavigation" tests="3" failures="0" timestamp="25 Feb 2020 12:01:07 GMT" time="113.546" errors="0">
  <testcase name="mainNavigation" time="35.672" classname="com.atmecs.qa.falcondashboard.testscript.TC16_MainNavigation"/>
  <testcase name="mainNavigation" time="41.835" classname="com.atmecs.qa.falcondashboard.testscript.TC16_MainNavigation"/>
  <testcase name="mainNavigation" time="36.039" classname="com.atmecs.qa.falcondashboard.testscript.TC16_MainNavigation"/>
</testsuite> <!-- com.atmecs.qa.falcondashboard.testscript.TC16_MainNavigation -->
