<?xml version="1.0" encoding="UTF-8"?>
<!-- Generated by org.testng.reporters.JUnitReportReporter -->
<testsuite skipped="0" hostname="ATMECSINLT-060" name="com.atmecs.qa.falcondashboard.testscript.TC18_ProductName" tests="3" failures="0" timestamp="25 Feb 2020 12:01:07 GMT" time="44.989" errors="0">
  <testcase name="productName" time="13.256" classname="com.atmecs.qa.falcondashboard.testscript.TC18_ProductName"/>
  <testcase name="productName" time="13.185" classname="com.atmecs.qa.falcondashboard.testscript.TC18_ProductName"/>
  <testcase name="productName" time="18.548" classname="com.atmecs.qa.falcondashboard.testscript.TC18_ProductName"/>
</testsuite> <!-- com.atmecs.qa.falcondashboard.testscript.TC18_ProductName -->
