<?xml version="1.0" encoding="UTF-8"?>
<!-- Generated by org.testng.reporters.JUnitReportReporter -->
<testsuite hostname="ATMECSINLT-060" failures="0" tests="1" name="com.atmecs.qa.falcondashboard.testscript.TC04_PercentageOfProduct" time="7.838" errors="0" timestamp="06 Feb 2020 14:15:56 GMT" skipped="0">
  <testcase classname="com.atmecs.qa.falcondashboard.testscript.TC04_PercentageOfProduct" name="percentageOfProduct" time="7.838"/>
</testsuite> <!-- com.atmecs.qa.falcondashboard.testscript.TC04_PercentageOfProduct -->
