<?xml version="1.0" encoding="UTF-8"?>
<!-- Generated by org.testng.reporters.JUnitReportReporter -->
<testsuite hostname="ATMECSINLT-060" failures="0" tests="3" name="com.atmecs.qa.falcondashboard.testscript.TC37_EndTime" time="125.954" errors="0" timestamp="26 Feb 2020 14:46:43 GMT" skipped="0">
  <testcase classname="com.atmecs.qa.falcondashboard.testscript.TC37_EndTime" name="endTime" time="47.331"/>
  <testcase classname="com.atmecs.qa.falcondashboard.testscript.TC37_EndTime" name="endTime" time="34.636"/>
  <testcase classname="com.atmecs.qa.falcondashboard.testscript.TC37_EndTime" name="endTime" time="43.987"/>
</testsuite> <!-- com.atmecs.qa.falcondashboard.testscript.TC37_EndTime -->
