<?xml version="1.0" encoding="UTF-8"?>
<!-- Generated by org.testng.reporters.JUnitReportReporter -->
<testsuite hostname="ATMECSINLT-060" failures="0" tests="3" name="com.atmecs.qa.falcondashboard.testscript.TC14_FailedTestCases" time="163.050" errors="0" timestamp="05 Mar 2020 13:27:21 GMT" skipped="0">
  <testcase classname="com.atmecs.qa.falcondashboard.testscript.TC14_FailedTestCases" name="dropdownFailedTestCases" time="65.744"/>
  <testcase classname="com.atmecs.qa.falcondashboard.testscript.TC14_FailedTestCases" name="dropdownFailedTestCases" time="51.890"/>
  <testcase classname="com.atmecs.qa.falcondashboard.testscript.TC14_FailedTestCases" name="dropdownFailedTestCases" time="45.416"/>
</testsuite> <!-- com.atmecs.qa.falcondashboard.testscript.TC14_FailedTestCases -->
