<?xml version="1.0" encoding="UTF-8"?>
<!-- Generated by org.testng.reporters.JUnitReportReporter -->
<testsuite hostname="ATMECSINLT-060" failures="0" tests="3" name="com.atmecs.qa.falcondashboard.testscript.TC01_DashBoardPage" time="44.358" errors="0" timestamp="21 Feb 2020 06:21:38 GMT" skipped="0">
  <testcase classname="com.atmecs.qa.falcondashboard.testscript.TC01_DashBoardPage" name="dashboardPage" time="14.997"/>
  <testcase classname="com.atmecs.qa.falcondashboard.testscript.TC01_DashBoardPage" name="dashboardPage" time="16.923"/>
  <testcase classname="com.atmecs.qa.falcondashboard.testscript.TC01_DashBoardPage" name="dashboardPage" time="12.438"/>
</testsuite> <!-- com.atmecs.qa.falcondashboard.testscript.TC01_DashBoardPage -->
