<?xml version="1.0" encoding="UTF-8"?>
<!-- Generated by org.testng.reporters.JUnitReportReporter -->
<testsuite skipped="0" hostname="ATMECSINLT-060" name="com.atmecs.qa.falcondashboard.testscript.TC30_ColorOfFailedTestCases" tests="3" failures="0" timestamp="25 Feb 2020 12:01:07 GMT" time="67.110" errors="0">
  <testcase name="colorofFailedTestCases" time="21.647" classname="com.atmecs.qa.falcondashboard.testscript.TC30_ColorOfFailedTestCases"/>
  <testcase name="colorofFailedTestCases" time="23.997" classname="com.atmecs.qa.falcondashboard.testscript.TC30_ColorOfFailedTestCases"/>
  <testcase name="colorofFailedTestCases" time="21.466" classname="com.atmecs.qa.falcondashboard.testscript.TC30_ColorOfFailedTestCases"/>
</testsuite> <!-- com.atmecs.qa.falcondashboard.testscript.TC30_ColorOfFailedTestCases -->
