<?xml version="1.0" encoding="UTF-8"?>
<!-- Generated by org.testng.reporters.JUnitReportReporter -->
<testsuite hostname="ATMECSINLT-060" failures="0" tests="1" name="com.atmecs.qa.falcondashboard.testscript.TC06_ProductMedium" time="1.768" errors="0" timestamp="17 Feb 2020 14:35:07 GMT" skipped="0">
  <testcase classname="com.atmecs.qa.falcondashboard.testscript.TC06_ProductMedium" name="mediumOfProduct" time="1.768"/>
</testsuite> <!-- com.atmecs.qa.falcondashboard.testscript.TC06_ProductMedium -->
