<?xml version="1.0" encoding="UTF-8"?>
<!-- Generated by org.testng.reporters.JUnitReportReporter -->
<testsuite hostname="ATMECSINLT-060" failures="0" tests="2" name="com.atmecs.qa.falcondashboard.testscript.TC30_ColorOfFailedTestCases" time="141.749" errors="0" timestamp="17 Mar 2020 14:34:02 GMT" skipped="0">
  <testcase classname="com.atmecs.qa.falcondashboard.testscript.TC30_ColorOfFailedTestCases" name="colorofFailedTestCases" time="70.623"/>
  <testcase classname="com.atmecs.qa.falcondashboard.testscript.TC30_ColorOfFailedTestCases" name="colorofFailedTestCases" time="71.126"/>
</testsuite> <!-- com.atmecs.qa.falcondashboard.testscript.TC30_ColorOfFailedTestCases -->
