<?xml version="1.0" encoding="UTF-8"?>
<!-- Generated by org.testng.reporters.JUnitReportReporter -->
<testsuite hostname="ATMECSINLT-060" failures="0" tests="3" name="com.atmecs.qa.falcondashboard.testscript.TC14_FailedTestCases" time="161.029" errors="0" timestamp="06 Mar 2020 14:10:25 GMT" skipped="0">
  <testcase classname="com.atmecs.qa.falcondashboard.testscript.TC14_FailedTestCases" name="dropdownFailedTestCases" time="64.049"/>
  <testcase classname="com.atmecs.qa.falcondashboard.testscript.TC14_FailedTestCases" name="dropdownFailedTestCases" time="43.280"/>
  <testcase classname="com.atmecs.qa.falcondashboard.testscript.TC14_FailedTestCases" name="dropdownFailedTestCases" time="53.700"/>
</testsuite> <!-- com.atmecs.qa.falcondashboard.testscript.TC14_FailedTestCases -->
