<?xml version="1.0" encoding="UTF-8"?>
<!-- Generated by org.testng.reporters.JUnitReportReporter -->
<testsuite hostname="ATMECSINLT-060" failures="0" tests="1" name="com.atmecs.qa.falcondashboard.testscript.TC02_Productsavailable" time="2.053" errors="0" timestamp="09 Jan 2020 08:53:20 GMT" skipped="0">
  <testcase classname="com.atmecs.qa.falcondashboard.testscript.TC02_Productsavailable" name="numberrofproducts" time="2.053"/>
</testsuite> <!-- com.atmecs.qa.falcondashboard.testscript.TC02_Productsavailable -->
