<?xml version="1.0" encoding="UTF-8"?>
<!-- Generated by org.testng.reporters.JUnitReportReporter -->
<testsuite hostname="ATMECSINLT-060" failures="0" tests="1" name="com.atmecs.qa.falcondashboard.testscript.TC07_Dropdowns" time="2.953" errors="0" timestamp="11 Feb 2020 14:43:02 GMT" skipped="0">
  <testcase classname="com.atmecs.qa.falcondashboard.testscript.TC07_Dropdowns" name="dropdown" time="2.953"/>
</testsuite> <!-- com.atmecs.qa.falcondashboard.testscript.TC07_Dropdowns -->
