<?xml version="1.0" encoding="UTF-8"?>
<!-- Generated by org.testng.reporters.JUnitReportReporter -->
<testsuite hostname="ATMECSINLT-060" failures="0" tests="1" name="com.atmecs.qa.falcondashboard.testscript.TC18_ProductName" time="10.965" errors="1" timestamp="19 Feb 2020 14:45:56 GMT" skipped="0">
  <testcase classname="com.atmecs.qa.falcondashboard.testscript.TC18_ProductName" name="productName" time="10.965">
    <error type="java.lang.NullPointerException">
      <![CDATA[java.lang.NullPointerException
at com.atmecs.qa.falcondashboard.utils.Pageactions.getText(Pageactions.java:96)
at com.atmecs.qa.falcondashboard.helper.ValidationHelper.getDataofRow(ValidationHelper.java:27)
at com.atmecs.qa.falcondashboard.validationresults.RecentrunsValidation.validateProductName(RecentrunsValidation.java:27)
at com.atmecs.qa.falcondashboard.testscript.TC18_ProductName.productName(TC18_ProductName.java:42)
at java.base/jdk.internal.reflect.NativeMethodAccessorImpl.invoke0(Native Method)
at java.base/jdk.internal.reflect.NativeMethodAccessorImpl.invoke(NativeMethodAccessorImpl.java:62)
at java.base/jdk.internal.reflect.DelegatingMethodAccessorImpl.invoke(DelegatingMethodAccessorImpl.java:43)
at java.base/java.lang.reflect.Method.invoke(Method.java:567)
at org.testng.internal.MethodInvocationHelper.invokeMethod(MethodInvocationHelper.java:124)
at org.testng.internal.Invoker.invokeMethod(Invoker.java:583)
at org.testng.internal.Invoker.invokeTestMethod(Invoker.java:719)
at org.testng.internal.Invoker.invokeTestMethods(Invoker.java:989)
at org.testng.internal.TestMethodWorker.invokeTestMethods(TestMethodWorker.java:125)
at org.testng.internal.TestMethodWorker.run(TestMethodWorker.java:109)
at org.testng.TestRunner.privateRun(TestRunner.java:648)
at org.testng.TestRunner.run(TestRunner.java:505)
at org.testng.SuiteRunner.runTest(SuiteRunner.java:455)
at org.testng.SuiteRunner.runSequentially(SuiteRunner.java:450)
at org.testng.SuiteRunner.privateRun(SuiteRunner.java:415)
at org.testng.SuiteRunner.run(SuiteRunner.java:364)
at org.testng.SuiteRunnerWorker.runSuite(SuiteRunnerWorker.java:52)
at org.testng.SuiteRunnerWorker.run(SuiteRunnerWorker.java:84)
at org.testng.TestNG.runSuitesSequentially(TestNG.java:1208)
at org.testng.TestNG.runSuitesLocally(TestNG.java:1137)
at org.testng.TestNG.runSuites(TestNG.java:1049)
at org.testng.TestNG.run(TestNG.java:1017)
at com.atmecs.qa.falcondashboard.runner.TestNGRunner.main(TestNGRunner.java:59)
at java.base/jdk.internal.reflect.NativeMethodAccessorImpl.invoke0(Native Method)
at java.base/jdk.internal.reflect.NativeMethodAccessorImpl.invoke(NativeMethodAccessorImpl.java:62)
at java.base/jdk.internal.reflect.DelegatingMethodAccessorImpl.invoke(DelegatingMethodAccessorImpl.java:43)
at java.base/java.lang.reflect.Method.invoke(Method.java:567)
at org.codehaus.mojo.exec.ExecJavaMojo$1.run(ExecJavaMojo.java:294)
at java.base/java.lang.Thread.run(Thread.java:830)
]]>
    </error>
  </testcase> <!-- productName -->
</testsuite> <!-- com.atmecs.qa.falcondashboard.testscript.TC18_ProductName -->
