<?xml version="1.0" encoding="UTF-8"?>
<!-- Generated by org.testng.reporters.JUnitReportReporter -->
<testsuite hostname="ATMECSINLT-060" failures="0" tests="1" name="com.atmecs.qa.falcondashboard.testscript.TC08_DashboardSlidder" time="17.047" errors="0" timestamp="19 Feb 2020 14:45:56 GMT" skipped="0">
  <testcase classname="com.atmecs.qa.falcondashboard.testscript.TC08_DashboardSlidder" name="dashboardSlidder" time="17.047"/>
</testsuite> <!-- com.atmecs.qa.falcondashboard.testscript.TC08_DashboardSlidder -->
