<?xml version="1.0" encoding="UTF-8"?>
<!-- Generated by org.testng.reporters.JUnitReportReporter -->
<testsuite hostname="ATMECSINLT-060" failures="0" tests="1" name="com.atmecs.qa.falcondashboard.testscript.TC09_EnvironmentOfProduct" time="2.405" errors="0" timestamp="07 Feb 2020 14:13:44 GMT" skipped="0">
  <testcase classname="com.atmecs.qa.falcondashboard.testscript.TC09_EnvironmentOfProduct" name="environmentOfProduct" time="2.405"/>
</testsuite> <!-- com.atmecs.qa.falcondashboard.testscript.TC09_EnvironmentOfProduct -->
