<?xml version="1.0" encoding="UTF-8"?>
<!-- Generated by org.testng.reporters.JUnitReportReporter -->
<testsuite hostname="ATMECSINLT-060" failures="0" tests="1" name="com.atmecs.qa.falcondashboard.testscript.TC29_PassedTestCases" time="4.784" errors="0" timestamp="05 Feb 2020 12:22:14 GMT" skipped="0">
  <testcase classname="com.atmecs.qa.falcondashboard.testscript.TC29_PassedTestCases" name="passtestcases" time="4.784"/>
</testsuite> <!-- com.atmecs.qa.falcondashboard.testscript.TC29_PassedTestCases -->
