<?xml version="1.0" encoding="UTF-8"?>
<!-- Generated by org.testng.reporters.JUnitReportReporter -->
<testsuite hostname="ATMECSINLT-060" failures="0" tests="1" name="com.atmecs.qa.falcondashboard.testscript.TC28_ColorOfPassTestCases" time="2.477" errors="0" timestamp="10 Feb 2020 12:52:31 GMT" skipped="0">
  <testcase classname="com.atmecs.qa.falcondashboard.testscript.TC28_ColorOfPassTestCases" name="colorofPassedTestCases" time="2.477"/>
</testsuite> <!-- com.atmecs.qa.falcondashboard.testscript.TC28_ColorOfPassTestCases -->
