<?xml version="1.0" encoding="UTF-8"?>
<!-- Generated by org.testng.reporters.JUnitReportReporter -->
<testsuite hostname="ATMECSINLT-060" failures="0" tests="2" name="com.atmecs.qa.falcondashboard.testscript.TC17_RecentRuns" time="66.909" errors="0" timestamp="28 Feb 2020 07:01:59 GMT" skipped="0">
  <testcase classname="com.atmecs.qa.falcondashboard.testscript.TC17_RecentRuns" name="recentrun" time="34.208"/>
  <testcase classname="com.atmecs.qa.falcondashboard.testscript.TC17_RecentRuns" name="recentrun" time="32.701"/>
</testsuite> <!-- com.atmecs.qa.falcondashboard.testscript.TC17_RecentRuns -->
