<?xml version="1.0" encoding="UTF-8"?>
<!-- Generated by org.testng.reporters.JUnitReportReporter -->
<testsuite hostname="ATMECSINLT-060" failures="0" tests="3" name="com.atmecs.qa.falcondashboard.testscript.TC30_ColorOfFailedTestCases" time="121.269" errors="0" timestamp="06 Mar 2020 14:10:25 GMT" skipped="0">
  <testcase classname="com.atmecs.qa.falcondashboard.testscript.TC30_ColorOfFailedTestCases" name="colorofFailedTestCases" time="44.779"/>
  <testcase classname="com.atmecs.qa.falcondashboard.testscript.TC30_ColorOfFailedTestCases" name="colorofFailedTestCases" time="38.623"/>
  <testcase classname="com.atmecs.qa.falcondashboard.testscript.TC30_ColorOfFailedTestCases" name="colorofFailedTestCases" time="37.867"/>
</testsuite> <!-- com.atmecs.qa.falcondashboard.testscript.TC30_ColorOfFailedTestCases -->
