<?xml version="1.0" encoding="UTF-8"?>
<!-- Generated by org.testng.reporters.JUnitReportReporter -->
<testsuite hostname="ATMECSINLT-060" failures="0" tests="1" name="com.atmecs.qa.falcondashboard.utils.RandomNumber" time="0.026" errors="0" timestamp="20 Jan 2020 09:31:25 GMT" skipped="0">
  <testcase classname="com.atmecs.qa.falcondashboard.utils.RandomNumber" name="generateRandom" time="0.026"/>
</testsuite> <!-- com.atmecs.qa.falcondashboard.utils.RandomNumber -->
