<?xml version="1.0" encoding="UTF-8"?>
<!-- Generated by org.testng.reporters.JUnitReportReporter -->
<testsuite hostname="ATMECSINLT-060" failures="0" tests="3" name="com.atmecs.qa.falcondashboard.testscript.TC38_MaximizingWindow" time="185.255" errors="0" timestamp="16 Mar 2020 14:17:20 GMT" skipped="0">
  <testcase classname="com.atmecs.qa.falcondashboard.testscript.TC38_MaximizingWindow" name="maximizeWindow" time="51.895"/>
  <testcase classname="com.atmecs.qa.falcondashboard.testscript.TC38_MaximizingWindow" name="maximizeWindow" time="56.077"/>
  <testcase classname="com.atmecs.qa.falcondashboard.testscript.TC38_MaximizingWindow" name="maximizeWindow" time="77.283"/>
</testsuite> <!-- com.atmecs.qa.falcondashboard.testscript.TC38_MaximizingWindow -->
