<?xml version="1.0" encoding="UTF-8"?>
<!-- Generated by org.testng.reporters.JUnitReportReporter -->
<testsuite hostname="ATMECSINLT-060" failures="0" tests="2" name="com.atmecs.qa.falcondashboard.testscript.TC21_PassPercentage" time="28.881" errors="0" timestamp="20 Feb 2020 14:06:21 GMT" skipped="0">
  <testcase classname="com.atmecs.qa.falcondashboard.testscript.TC21_PassPercentage" name="rececntPassPercentage" time="17.358"/>
  <testcase classname="com.atmecs.qa.falcondashboard.testscript.TC21_PassPercentage" name="rececntPassPercentage" time="11.523"/>
</testsuite> <!-- com.atmecs.qa.falcondashboard.testscript.TC21_PassPercentage -->
