<?xml version="1.0" encoding="UTF-8"?>
<!-- Generated by org.testng.reporters.JUnitReportReporter -->
<testsuite hostname="ATMECSINLT-060" failures="0" tests="2" name="com.atmecs.qa.falcondashboard.testscript.TC12_ExecutionDate" time="345.406" errors="0" timestamp="21 Feb 2020 14:36:37 GMT" skipped="0">
  <testcase classname="com.atmecs.qa.falcondashboard.testscript.TC12_ExecutionDate" name="dateOfExecution" time="215.371"/>
  <testcase classname="com.atmecs.qa.falcondashboard.testscript.TC12_ExecutionDate" name="dateOfExecution" time="130.035"/>
</testsuite> <!-- com.atmecs.qa.falcondashboard.testscript.TC12_ExecutionDate -->
