<?xml version="1.0" encoding="UTF-8"?>
<!-- Generated by org.testng.reporters.JUnitReportReporter -->
<testsuite hostname="ATMECSINLT-060" failures="0" tests="1" name="com.atmecs.qa.falcondashboard.testscript.TC10_TestCases" time="15.987" errors="0" timestamp="03 Feb 2020 13:06:06 GMT" skipped="0">
  <testcase classname="com.atmecs.qa.falcondashboard.testscript.TC10_TestCases" name="testcasesofProduct" time="15.987"/>
</testsuite> <!-- com.atmecs.qa.falcondashboard.testscript.TC10_TestCases -->
