<?xml version="1.0" encoding="UTF-8"?>
<!-- Generated by org.testng.reporters.JUnitReportReporter -->
<testsuite hostname="ATMECSINLT-060" failures="0" tests="3" name="com.atmecs.qa.falcondashboard.testscript.TC08_DashboardSlidder" time="224.987" errors="0" timestamp="16 Mar 2020 14:17:20 GMT" skipped="0">
  <testcase classname="com.atmecs.qa.falcondashboard.testscript.TC08_DashboardSlidder" name="dashboardSlidder" time="73.607"/>
  <testcase classname="com.atmecs.qa.falcondashboard.testscript.TC08_DashboardSlidder" name="dashboardSlidder" time="85.210"/>
  <testcase classname="com.atmecs.qa.falcondashboard.testscript.TC08_DashboardSlidder" name="dashboardSlidder" time="66.170"/>
</testsuite> <!-- com.atmecs.qa.falcondashboard.testscript.TC08_DashboardSlidder -->
