<?xml version="1.0" encoding="UTF-8"?>
<!-- Generated by org.testng.reporters.JUnitReportReporter -->
<testsuite skipped="0" hostname="ATMECSINLT-060" name="com.atmecs.qa.falcondashboard.testscript.TC26_ColorOfTotalTestCases" tests="3" failures="0" timestamp="25 Feb 2020 12:01:07 GMT" time="68.330" errors="0">
  <testcase name="colorofTotalTestCases" time="24.185" classname="com.atmecs.qa.falcondashboard.testscript.TC26_ColorOfTotalTestCases"/>
  <testcase name="colorofTotalTestCases" time="21.911" classname="com.atmecs.qa.falcondashboard.testscript.TC26_ColorOfTotalTestCases"/>
  <testcase name="colorofTotalTestCases" time="22.234" classname="com.atmecs.qa.falcondashboard.testscript.TC26_ColorOfTotalTestCases"/>
</testsuite> <!-- com.atmecs.qa.falcondashboard.testscript.TC26_ColorOfTotalTestCases -->
