<?xml version="1.0" encoding="UTF-8"?>
<!-- Generated by org.testng.reporters.JUnitReportReporter -->
<testsuite hostname="ATMECSINLT-060" failures="0" tests="3" name="com.atmecs.qa.falcondashboard.testscript.TC02_ClickingProduct" time="243.148" errors="0" timestamp="20 Mar 2020 14:00:18 GMT" skipped="0">
  <testcase classname="com.atmecs.qa.falcondashboard.testscript.TC02_ClickingProduct" name="clickingProduct" time="139.807"/>
  <testcase classname="com.atmecs.qa.falcondashboard.testscript.TC02_ClickingProduct" name="clickingProduct" time="49.029"/>
  <testcase classname="com.atmecs.qa.falcondashboard.testscript.TC02_ClickingProduct" name="clickingProduct" time="54.312"/>
</testsuite> <!-- com.atmecs.qa.falcondashboard.testscript.TC02_ClickingProduct -->
