<?xml version="1.0" encoding="UTF-8"?>
<!-- Generated by org.testng.reporters.JUnitReportReporter -->
<testsuite skipped="0" hostname="ATMECSINLT-060" name="com.atmecs.qa.falcondashboard.testscript.TC22_DeleteOption" tests="3" failures="0" timestamp="25 Feb 2020 12:01:07 GMT" time="65.969" errors="0">
  <testcase name="deleteOption" time="21.913" classname="com.atmecs.qa.falcondashboard.testscript.TC22_DeleteOption"/>
  <testcase name="deleteOption" time="22.397" classname="com.atmecs.qa.falcondashboard.testscript.TC22_DeleteOption"/>
  <testcase name="deleteOption" time="21.659" classname="com.atmecs.qa.falcondashboard.testscript.TC22_DeleteOption"/>
</testsuite> <!-- com.atmecs.qa.falcondashboard.testscript.TC22_DeleteOption -->
