<?xml version="1.0" encoding="UTF-8"?>
<!-- Generated by org.testng.reporters.JUnitReportReporter -->
<testsuite hostname="ATMECSINLT-060" failures="0" tests="1" name="com.atmecs.qa.falcondashboard.testscript.TC28_ColorOfPassTestCases" time="2.022" errors="0" timestamp="11 Feb 2020 14:43:02 GMT" skipped="0">
  <testcase classname="com.atmecs.qa.falcondashboard.testscript.TC28_ColorOfPassTestCases" name="colorofPassedTestCases" time="2.022"/>
</testsuite> <!-- com.atmecs.qa.falcondashboard.testscript.TC28_ColorOfPassTestCases -->
