<?xml version="1.0" encoding="UTF-8"?>
<!-- Generated by org.testng.reporters.JUnitReportReporter -->
<testsuite hostname="ATMECSINLT-060" failures="0" tests="3" name="com.atmecs.qa.falcondashboard.testscript.TC12_ExecutionDate" time="167.082" errors="0" timestamp="18 Mar 2020 11:27:23 GMT" skipped="0">
  <testcase classname="com.atmecs.qa.falcondashboard.testscript.TC12_ExecutionDate" name="dateOfExecution" time="71.349"/>
  <testcase classname="com.atmecs.qa.falcondashboard.testscript.TC12_ExecutionDate" name="dateOfExecution" time="46.820"/>
  <testcase classname="com.atmecs.qa.falcondashboard.testscript.TC12_ExecutionDate" name="dateOfExecution" time="48.913"/>
</testsuite> <!-- com.atmecs.qa.falcondashboard.testscript.TC12_ExecutionDate -->
