<?xml version="1.0" encoding="UTF-8"?>
<!-- Generated by org.testng.reporters.JUnitReportReporter -->
<testsuite hostname="ATMECSINLT-060" failures="0" tests="1" name="com.atmecs.qa.falcondashboard.testscript.TC11_PercentageOfProduct" time="3.929" errors="0" timestamp="31 Jan 2020 12:23:58 GMT" skipped="0">
  <testcase classname="com.atmecs.qa.falcondashboard.testscript.TC11_PercentageOfProduct" name="percentageofproduct" time="3.929"/>
</testsuite> <!-- com.atmecs.qa.falcondashboard.testscript.TC11_PercentageOfProduct -->
