<?xml version="1.0" encoding="UTF-8"?>
<!-- Generated by org.testng.reporters.JUnitReportReporter -->
<testsuite hostname="ATMECSINLT-060" failures="0" tests="3" name="com.atmecs.qa.falcondashboard.testscript.TC13_PassedTestCases" time="281.327" errors="0" timestamp="17 Mar 2020 14:34:02 GMT" skipped="0">
  <testcase classname="com.atmecs.qa.falcondashboard.testscript.TC13_PassedTestCases" name="dropdownPassedTestCases" time="83.185"/>
  <testcase classname="com.atmecs.qa.falcondashboard.testscript.TC13_PassedTestCases" name="dropdownPassedTestCases" time="81.286"/>
  <testcase classname="com.atmecs.qa.falcondashboard.testscript.TC13_PassedTestCases" name="dropdownPassedTestCases" time="116.856"/>
</testsuite> <!-- com.atmecs.qa.falcondashboard.testscript.TC13_PassedTestCases -->
