<?xml version="1.0" encoding="UTF-8"?>
<!-- Generated by org.testng.reporters.JUnitReportReporter -->
<testsuite skipped="0" hostname="ATMECSINLT-060" name="com.atmecs.qa.falcondashboard.testscript.TC13_PassedTestCases" tests="3" failures="0" timestamp="25 Feb 2020 12:01:07 GMT" time="100.071" errors="0">
  <testcase name="dropdownPassedTestCases" time="32.861" classname="com.atmecs.qa.falcondashboard.testscript.TC13_PassedTestCases"/>
  <testcase name="dropdownPassedTestCases" time="32.617" classname="com.atmecs.qa.falcondashboard.testscript.TC13_PassedTestCases"/>
  <testcase name="dropdownPassedTestCases" time="34.593" classname="com.atmecs.qa.falcondashboard.testscript.TC13_PassedTestCases"/>
</testsuite> <!-- com.atmecs.qa.falcondashboard.testscript.TC13_PassedTestCases -->
