<?xml version="1.0" encoding="UTF-8"?>
<!-- Generated by org.testng.reporters.JUnitReportReporter -->
<testsuite hostname="ATMECSINLT-060" failures="0" tests="3" name="com.atmecs.qa.falcondashboard.testscript.TC10_TestPhase" time="123.916" errors="0" timestamp="10 Mar 2020 14:28:17 GMT" skipped="0">
  <testcase classname="com.atmecs.qa.falcondashboard.testscript.TC10_TestPhase" name="testPhase" time="57.082"/>
  <testcase classname="com.atmecs.qa.falcondashboard.testscript.TC10_TestPhase" name="testPhase" time="34.737"/>
  <testcase classname="com.atmecs.qa.falcondashboard.testscript.TC10_TestPhase" name="testPhase" time="32.097"/>
</testsuite> <!-- com.atmecs.qa.falcondashboard.testscript.TC10_TestPhase -->
