<?xml version="1.0" encoding="UTF-8"?>
<!-- Generated by org.testng.reporters.JUnitReportReporter -->
<testsuite hostname="ATMECSINLT-060" failures="0" tests="3" name="com.atmecs.qa.falcondashboard.testscript.TC35_LastRun" time="174.000" errors="0" timestamp="17 Mar 2020 14:34:02 GMT" skipped="0">
  <testcase classname="com.atmecs.qa.falcondashboard.testscript.TC35_LastRun" name="lastRun" time="52.374"/>
  <testcase classname="com.atmecs.qa.falcondashboard.testscript.TC35_LastRun" name="lastRun" time="50.731"/>
  <testcase classname="com.atmecs.qa.falcondashboard.testscript.TC35_LastRun" name="lastRun" time="70.895"/>
</testsuite> <!-- com.atmecs.qa.falcondashboard.testscript.TC35_LastRun -->
