<?xml version="1.0" encoding="UTF-8"?>
<!-- Generated by org.testng.reporters.JUnitReportReporter -->
<testsuite hostname="ATMECSINLT-060" failures="0" tests="1" name="com.atmecs.qa.falcondashboard.testscript.TC05_Dropdowns" time="3.788" errors="0" timestamp="04 Feb 2020 13:25:47 GMT" skipped="0">
  <testcase classname="com.atmecs.qa.falcondashboard.testscript.TC05_Dropdowns" name="dropdown" time="3.788"/>
</testsuite> <!-- com.atmecs.qa.falcondashboard.testscript.TC05_Dropdowns -->
