<?xml version="1.0" encoding="UTF-8"?>
<!-- Generated by org.testng.reporters.JUnitReportReporter -->
<testsuite skipped="0" hostname="ATMECSINLT-060" name="com.atmecs.qa.falcondashboard.testscript.TC23_Refresh" tests="3" failures="0" timestamp="25 Feb 2020 12:01:07 GMT" time="68.597" errors="0">
  <testcase name="refresh" time="25.865" classname="com.atmecs.qa.falcondashboard.testscript.TC23_Refresh"/>
  <testcase name="refresh" time="21.413" classname="com.atmecs.qa.falcondashboard.testscript.TC23_Refresh"/>
  <testcase name="refresh" time="21.319" classname="com.atmecs.qa.falcondashboard.testscript.TC23_Refresh"/>
</testsuite> <!-- com.atmecs.qa.falcondashboard.testscript.TC23_Refresh -->
