<?xml version="1.0" encoding="UTF-8"?>
<!-- Generated by org.testng.reporters.JUnitReportReporter -->
<testsuite hostname="ATMECSINLT-060" failures="0" tests="3" name="com.atmecs.qa.falcondashboard.testscript.TC13_PassedTestCases" time="178.168" errors="0" timestamp="05 Mar 2020 13:27:20 GMT" skipped="0">
  <testcase classname="com.atmecs.qa.falcondashboard.testscript.TC13_PassedTestCases" name="dropdownPassedTestCases" time="47.295"/>
  <testcase classname="com.atmecs.qa.falcondashboard.testscript.TC13_PassedTestCases" name="dropdownPassedTestCases" time="51.870"/>
  <testcase classname="com.atmecs.qa.falcondashboard.testscript.TC13_PassedTestCases" name="dropdownPassedTestCases" time="79.003"/>
</testsuite> <!-- com.atmecs.qa.falcondashboard.testscript.TC13_PassedTestCases -->
