<?xml version="1.0" encoding="UTF-8"?>
<!-- Generated by org.testng.reporters.JUnitReportReporter -->
<testsuite hostname="ATMECSINLT-060" failures="0" tests="3" name="com.atmecs.qa.falcondashboard.testscript.TC03_TestCases" time="214.868" errors="0" timestamp="18 Mar 2020 11:27:23 GMT" skipped="0">
  <testcase classname="com.atmecs.qa.falcondashboard.testscript.TC03_TestCases" name="numberofTestCasesOfProduct" time="36.977"/>
  <testcase classname="com.atmecs.qa.falcondashboard.testscript.TC03_TestCases" name="numberofTestCasesOfProduct" time="145.371"/>
  <testcase classname="com.atmecs.qa.falcondashboard.testscript.TC03_TestCases" name="numberofTestCasesOfProduct" time="32.520"/>
</testsuite> <!-- com.atmecs.qa.falcondashboard.testscript.TC03_TestCases -->
