<?xml version="1.0" encoding="UTF-8"?>
<!-- Generated by org.testng.reporters.JUnitReportReporter -->
<testsuite hostname="ATMECSINLT-060" failures="0" tests="3" name="com.atmecs.qa.falcondashboard.testscript.TC39_OSBrowser" time="233.631" errors="0" timestamp="18 Mar 2020 13:41:39 GMT" skipped="0">
  <testcase classname="com.atmecs.qa.falcondashboard.testscript.TC39_OSBrowser" name="osBrowser" time="74.912"/>
  <testcase classname="com.atmecs.qa.falcondashboard.testscript.TC39_OSBrowser" name="osBrowser" time="75.446"/>
  <testcase classname="com.atmecs.qa.falcondashboard.testscript.TC39_OSBrowser" name="osBrowser" time="83.273"/>
</testsuite> <!-- com.atmecs.qa.falcondashboard.testscript.TC39_OSBrowser -->
