<?xml version="1.0" encoding="UTF-8"?>
<!-- Generated by org.testng.reporters.JUnitReportReporter -->
<testsuite hostname="ATMECSINLT-060" failures="0" tests="6" name="com.atmecs.qa.falcondashboard.testscript.TC37_EndTime" time="154.926" errors="3" timestamp="09 Mar 2020 11:56:08 GMT" skipped="0">
  <testcase classname="com.atmecs.qa.falcondashboard.testscript.TC37_EndTime" name="getResult" time="43.013">
    <error type="java.lang.NullPointerException">
      <![CDATA[java.lang.NullPointerException
]]>
    </error>
  </testcase> <!-- getResult -->
  <testcase classname="com.atmecs.qa.falcondashboard.testscript.TC37_EndTime" name="endTime" time="38.194"/>
  <testcase classname="com.atmecs.qa.falcondashboard.testscript.TC37_EndTime" name="endTime" time="40.292"/>
  <testcase classname="com.atmecs.qa.falcondashboard.testscript.TC37_EndTime" name="getResult" time="0.002">
    <error type="java.lang.NullPointerException">
      <![CDATA[java.lang.NullPointerException
]]>
    </error>
  </testcase> <!-- getResult -->
  <testcase classname="com.atmecs.qa.falcondashboard.testscript.TC37_EndTime" name="endTime" time="33.424"/>
  <testcase classname="com.atmecs.qa.falcondashboard.testscript.TC37_EndTime" name="getResult" time="0.001">
    <error type="java.lang.NullPointerException">
      <![CDATA[java.lang.NullPointerException
]]>
    </error>
  </testcase> <!-- getResult -->
</testsuite> <!-- com.atmecs.qa.falcondashboard.testscript.TC37_EndTime -->
