<?xml version="1.0" encoding="UTF-8"?>
<!-- Generated by org.testng.reporters.JUnitReportReporter -->
<testsuite hostname="ATMECSINLT-060" failures="0" tests="3" name="com.atmecs.qa.falcondashboard.testscript.TC37_EndTime" time="115.230" errors="0" timestamp="28 Feb 2020 12:18:24 GMT" skipped="0">
  <testcase classname="com.atmecs.qa.falcondashboard.testscript.TC37_EndTime" name="endTime" time="39.440"/>
  <testcase classname="com.atmecs.qa.falcondashboard.testscript.TC37_EndTime" name="endTime" time="41.694"/>
  <testcase classname="com.atmecs.qa.falcondashboard.testscript.TC37_EndTime" name="endTime" time="34.096"/>
</testsuite> <!-- com.atmecs.qa.falcondashboard.testscript.TC37_EndTime -->
