<?xml version="1.0" encoding="UTF-8"?>
<!-- Generated by org.testng.reporters.JUnitReportReporter -->
<testsuite hostname="ATMECSINLT-060" failures="0" tests="6" name="com.atmecs.qa.falcondashboard.testscript.TC36_StartTime" time="138.987" errors="3" timestamp="09 Mar 2020 11:56:08 GMT" skipped="0">
  <testcase classname="com.atmecs.qa.falcondashboard.testscript.TC36_StartTime" name="startTime" time="42.550"/>
  <testcase classname="com.atmecs.qa.falcondashboard.testscript.TC36_StartTime" name="getResult" time="17.725">
    <error type="java.lang.NullPointerException">
      <![CDATA[java.lang.NullPointerException
]]>
    </error>
  </testcase> <!-- getResult -->
  <testcase classname="com.atmecs.qa.falcondashboard.testscript.TC36_StartTime" name="startTime" time="22.562"/>
  <testcase classname="com.atmecs.qa.falcondashboard.testscript.TC36_StartTime" name="getResult" time="25.423">
    <error type="java.lang.NullPointerException">
      <![CDATA[java.lang.NullPointerException
]]>
    </error>
  </testcase> <!-- getResult -->
  <testcase classname="com.atmecs.qa.falcondashboard.testscript.TC36_StartTime" name="getResult" time="0.010">
    <error type="java.lang.NullPointerException">
      <![CDATA[java.lang.NullPointerException
]]>
    </error>
  </testcase> <!-- getResult -->
  <testcase classname="com.atmecs.qa.falcondashboard.testscript.TC36_StartTime" name="startTime" time="30.717"/>
</testsuite> <!-- com.atmecs.qa.falcondashboard.testscript.TC36_StartTime -->
