<?xml version="1.0" encoding="UTF-8"?>
<!-- Generated by org.testng.reporters.JUnitReportReporter -->
<testsuite hostname="ATMECSINLT-060" failures="0" tests="3" name="com.atmecs.qa.falcondashboard.testscript.TC02_ClickingProduct" time="249.629" errors="0" timestamp="09 Mar 2020 13:01:56 GMT" skipped="0">
  <testcase classname="com.atmecs.qa.falcondashboard.testscript.TC02_ClickingProduct" name="clickingProduct" time="165.970"/>
  <testcase classname="com.atmecs.qa.falcondashboard.testscript.TC02_ClickingProduct" name="clickingProduct" time="45.042"/>
  <testcase classname="com.atmecs.qa.falcondashboard.testscript.TC02_ClickingProduct" name="clickingProduct" time="38.617"/>
</testsuite> <!-- com.atmecs.qa.falcondashboard.testscript.TC02_ClickingProduct -->
