<?xml version="1.0" encoding="UTF-8"?>
<!-- Generated by org.testng.reporters.JUnitReportReporter -->
<testsuite hostname="ATMECSINLT-060" failures="0" tests="3" name="com.atmecs.qa.falcondashboard.testscript.TC04_ProductPercentage" time="221.566" errors="0" timestamp="20 Mar 2020 14:00:18 GMT" skipped="0">
  <testcase classname="com.atmecs.qa.falcondashboard.testscript.TC04_ProductPercentage" name="percentageOfProduct" time="89.497"/>
  <testcase classname="com.atmecs.qa.falcondashboard.testscript.TC04_ProductPercentage" name="percentageOfProduct" time="66.374"/>
  <testcase classname="com.atmecs.qa.falcondashboard.testscript.TC04_ProductPercentage" name="percentageOfProduct" time="65.695"/>
</testsuite> <!-- com.atmecs.qa.falcondashboard.testscript.TC04_ProductPercentage -->
