<?xml version="1.0" encoding="UTF-8"?>
<!-- Generated by org.testng.reporters.JUnitReportReporter -->
<testsuite hostname="ATMECSINLT-060" failures="0" tests="1" name="com.atmecs.qa.falcondashboard.testscript.TC03_Percentage" time="5.755" errors="0" timestamp="30 Jan 2020 14:09:17 GMT" skipped="0">
  <testcase classname="com.atmecs.qa.falcondashboard.testscript.TC03_Percentage" name="percentageofproduct" time="5.755"/>
</testsuite> <!-- com.atmecs.qa.falcondashboard.testscript.TC03_Percentage -->
