<?xml version="1.0" encoding="UTF-8"?>
<!-- Generated by org.testng.reporters.JUnitReportReporter -->
<testsuite hostname="ATMECSINLT-060" failures="0" tests="1" name="com.atmecs.qa.falcondashboard.testscript.TC16_MainNaviigation" time="4.762" errors="0" timestamp="10 Feb 2020 07:15:41 GMT" skipped="0">
  <testcase classname="com.atmecs.qa.falcondashboard.testscript.TC16_MainNaviigation" name="mainNavigation" time="4.762"/>
</testsuite> <!-- com.atmecs.qa.falcondashboard.testscript.TC16_MainNaviigation -->
