<?xml version="1.0" encoding="UTF-8"?>
<!-- Generated by org.testng.reporters.JUnitReportReporter -->
<testsuite hostname="ATMECSINLT-060" failures="0" tests="1" name="com.atmecs.qa.falcondashboard.testscript.TC03_TestCases" time="4.919" errors="0" timestamp="17 Feb 2020 14:35:07 GMT" skipped="0">
  <testcase classname="com.atmecs.qa.falcondashboard.testscript.TC03_TestCases" name="numberofTestCasesOfProduct" time="4.919"/>
</testsuite> <!-- com.atmecs.qa.falcondashboard.testscript.TC03_TestCases -->
