<?xml version="1.0" encoding="UTF-8"?>
<!-- Generated by org.testng.reporters.JUnitReportReporter -->
<testsuite hostname="ATMECSINLT-060" failures="0" tests="1" name="com.atmecs.qa.falcondashboard.testscript.TC22_DeleteOption" time="1.734" errors="0" timestamp="14 Feb 2020 13:49:22 GMT" skipped="0">
  <testcase classname="com.atmecs.qa.falcondashboard.testscript.TC22_DeleteOption" name="deleteOption" time="1.734"/>
</testsuite> <!-- com.atmecs.qa.falcondashboard.testscript.TC22_DeleteOption -->
