<?xml version="1.0" encoding="UTF-8"?>
<!-- Generated by org.testng.reporters.JUnitReportReporter -->
<testsuite hostname="ATMECSINLT-060" failures="0" tests="1" name="com.atmecs.qa.falcondashboard.testscript.TC01_DashBoardPage" time="31.572" errors="0" timestamp="27 Mar 2020 09:35:05 GMT" skipped="0">
  <testcase classname="com.atmecs.qa.falcondashboard.testscript.TC01_DashBoardPage" name="dashboardPage" time="31.572"/>
</testsuite> <!-- com.atmecs.qa.falcondashboard.testscript.TC01_DashBoardPage -->
