<?xml version="1.0" encoding="UTF-8"?>
<!-- Generated by org.testng.reporters.JUnitReportReporter -->
<testsuite hostname="ATMECSINLT-060" failures="0" tests="2" name="com.atmecs.qa.falcondashboard.testscript.TC13_PassedTestCases" time="98.781" errors="0" timestamp="28 Feb 2020 07:02:00 GMT" skipped="0">
  <testcase classname="com.atmecs.qa.falcondashboard.testscript.TC13_PassedTestCases" name="dropdownPassedTestCases" time="50.269"/>
  <testcase classname="com.atmecs.qa.falcondashboard.testscript.TC13_PassedTestCases" name="dropdownPassedTestCases" time="48.512"/>
</testsuite> <!-- com.atmecs.qa.falcondashboard.testscript.TC13_PassedTestCases -->
