<?xml version="1.0" encoding="UTF-8"?>
<!-- Generated by org.testng.reporters.JUnitReportReporter -->
<testsuite hostname="ATMECSINLT-060" failures="0" tests="3" name="com.atmecs.qa.falcondashboard.testscript.TC02_ClickingProduct" time="81.083" errors="0" timestamp="21 Feb 2020 06:21:38 GMT" skipped="0">
  <testcase classname="com.atmecs.qa.falcondashboard.testscript.TC02_ClickingProduct" name="clickingProduct" time="17.340"/>
  <testcase classname="com.atmecs.qa.falcondashboard.testscript.TC02_ClickingProduct" name="clickingProduct" time="15.442"/>
  <testcase classname="com.atmecs.qa.falcondashboard.testscript.TC02_ClickingProduct" name="clickingProduct" time="48.301"/>
</testsuite> <!-- com.atmecs.qa.falcondashboard.testscript.TC02_ClickingProduct -->
