<?xml version="1.0" encoding="UTF-8"?>
<!-- Generated by org.testng.reporters.JUnitReportReporter -->
<testsuite skipped="0" hostname="ATMECSINLT-060" name="com.atmecs.qa.falcondashboard.testscript.TC09_ProductEnvironment" tests="3" failures="0" timestamp="25 Feb 2020 12:01:07 GMT" time="98.526" errors="0">
  <testcase name="environmentOfProduct" time="32.129" classname="com.atmecs.qa.falcondashboard.testscript.TC09_ProductEnvironment"/>
  <testcase name="environmentOfProduct" time="31.790" classname="com.atmecs.qa.falcondashboard.testscript.TC09_ProductEnvironment"/>
  <testcase name="environmentOfProduct" time="34.607" classname="com.atmecs.qa.falcondashboard.testscript.TC09_ProductEnvironment"/>
</testsuite> <!-- com.atmecs.qa.falcondashboard.testscript.TC09_ProductEnvironment -->
