<?xml version="1.0" encoding="UTF-8"?>
<!-- Generated by org.testng.reporters.JUnitReportReporter -->
<testsuite hostname="ATMECSINLT-060" failures="0" tests="1" name="com.atmecs.qa.falcondashboard.testscript.TC05_Dropdowns" time="4.811" errors="0" timestamp="31 Jan 2020 12:23:58 GMT" skipped="0">
  <testcase classname="com.atmecs.qa.falcondashboard.testscript.TC05_Dropdowns" name="dropdown" time="4.811"/>
</testsuite> <!-- com.atmecs.qa.falcondashboard.testscript.TC05_Dropdowns -->
