<?xml version="1.0" encoding="UTF-8"?>
<!-- Generated by org.testng.reporters.JUnitReportReporter -->
<testsuite skipped="0" hostname="ATMECSINLT-060" name="com.atmecs.qa.falcondashboard.testscript.TC34_ViewPage" tests="3" failures="0" timestamp="25 Feb 2020 12:01:07 GMT" time="88.616" errors="0">
  <testcase name="viewPage" time="27.118" classname="com.atmecs.qa.falcondashboard.testscript.TC34_ViewPage"/>
  <testcase name="viewPage" time="38.685" classname="com.atmecs.qa.falcondashboard.testscript.TC34_ViewPage"/>
  <testcase name="viewPage" time="22.813" classname="com.atmecs.qa.falcondashboard.testscript.TC34_ViewPage"/>
</testsuite> <!-- com.atmecs.qa.falcondashboard.testscript.TC34_ViewPage -->
