<?xml version="1.0" encoding="UTF-8"?>
<!-- Generated by org.testng.reporters.JUnitReportReporter -->
<testsuite hostname="ATMECSINLT-060" failures="0" tests="1" name="com.atmecs.qa.falcondashboard.testscript.TC39_DeleltingProduct" time="427.661" errors="0" timestamp="20 Mar 2020 14:16:07 GMT" skipped="0">
  <testcase classname="com.atmecs.qa.falcondashboard.testscript.TC39_DeleltingProduct" name="productDeletion" time="427.661"/>
</testsuite> <!-- com.atmecs.qa.falcondashboard.testscript.TC39_DeleltingProduct -->
