<?xml version="1.0" encoding="UTF-8"?>
<!-- Generated by org.testng.reporters.JUnitReportReporter -->
<testsuite hostname="ATMECSINLT-060" failures="0" tests="1" name="com.atmecs.qa.falcondashboard.testscript.TC10_Component" time="16.244" errors="0" timestamp="30 Jan 2020 14:09:17 GMT" skipped="0">
  <testcase classname="com.atmecs.qa.falcondashboard.testscript.TC10_Component" name="componentofProduct" time="16.244"/>
</testsuite> <!-- com.atmecs.qa.falcondashboard.testscript.TC10_Component -->
