<?xml version="1.0" encoding="UTF-8"?>
<!-- Generated by org.testng.reporters.JUnitReportReporter -->
<testsuite hostname="ATMECSINLT-060" failures="0" tests="1" name="com.atmecs.qa.falcondashboard.testscript.TC04_ProductPercentage" time="4.216" errors="0" timestamp="17 Feb 2020 14:35:07 GMT" skipped="0">
  <testcase classname="com.atmecs.qa.falcondashboard.testscript.TC04_ProductPercentage" name="percentageOfProduct" time="4.216"/>
</testsuite> <!-- com.atmecs.qa.falcondashboard.testscript.TC04_ProductPercentage -->
