<?xml version="1.0" encoding="UTF-8"?>
<!-- Generated by org.testng.reporters.JUnitReportReporter -->
<testsuite hostname="ATMECSINLT-060" failures="0" tests="3" name="com.atmecs.qa.falcondashboard.testscript.TC24_ProductSnapShot" time="91.997" errors="0" timestamp="10 Mar 2020 14:28:17 GMT" skipped="0">
  <testcase classname="com.atmecs.qa.falcondashboard.testscript.TC24_ProductSnapShot" name="productSnapShot" time="25.972"/>
  <testcase classname="com.atmecs.qa.falcondashboard.testscript.TC24_ProductSnapShot" name="productSnapShot" time="38.587"/>
  <testcase classname="com.atmecs.qa.falcondashboard.testscript.TC24_ProductSnapShot" name="productSnapShot" time="27.438"/>
</testsuite> <!-- com.atmecs.qa.falcondashboard.testscript.TC24_ProductSnapShot -->
