<?xml version="1.0" encoding="UTF-8"?>
<!-- Generated by org.testng.reporters.JUnitReportReporter -->
<testsuite skipped="0" hostname="ATMECSINLT-060" name="com.atmecs.qa.falcondashboard.testscript.TC17_RecentRuns" tests="3" failures="0" timestamp="25 Feb 2020 12:01:07 GMT" time="56.981" errors="0">
  <testcase name="recentrun" time="17.920" classname="com.atmecs.qa.falcondashboard.testscript.TC17_RecentRuns"/>
  <testcase name="recentrun" time="17.660" classname="com.atmecs.qa.falcondashboard.testscript.TC17_RecentRuns"/>
  <testcase name="recentrun" time="21.401" classname="com.atmecs.qa.falcondashboard.testscript.TC17_RecentRuns"/>
</testsuite> <!-- com.atmecs.qa.falcondashboard.testscript.TC17_RecentRuns -->
