<?xml version="1.0" encoding="UTF-8"?>
<!-- Generated by org.testng.reporters.JUnitReportReporter -->
<testsuite skipped="0" hostname="ATMECSINLT-060" name="com.atmecs.qa.falcondashboard.testscript.TC20_FailTestCase" tests="3" failures="0" timestamp="25 Feb 2020 12:01:07 GMT" time="164.753" errors="0">
  <testcase name="failTestCasesOfProduct" time="53.479" classname="com.atmecs.qa.falcondashboard.testscript.TC20_FailTestCase"/>
  <testcase name="failTestCasesOfProduct" time="53.578" classname="com.atmecs.qa.falcondashboard.testscript.TC20_FailTestCase"/>
  <testcase name="failTestCasesOfProduct" time="57.696" classname="com.atmecs.qa.falcondashboard.testscript.TC20_FailTestCase"/>
</testsuite> <!-- com.atmecs.qa.falcondashboard.testscript.TC20_FailTestCase -->
