<?xml version="1.0" encoding="UTF-8"?>
<!-- Generated by org.testng.reporters.JUnitReportReporter -->
<testsuite skipped="0" hostname="ATMECSINLT-060" name="com.atmecs.qa.falcondashboard.testscript.TC37_EndTime" tests="3" failures="0" timestamp="25 Feb 2020 12:01:07 GMT" time="67.874" errors="0">
  <testcase name="endTime" time="21.924" classname="com.atmecs.qa.falcondashboard.testscript.TC37_EndTime"/>
  <testcase name="endTime" time="21.878" classname="com.atmecs.qa.falcondashboard.testscript.TC37_EndTime"/>
  <testcase name="endTime" time="24.072" classname="com.atmecs.qa.falcondashboard.testscript.TC37_EndTime"/>
</testsuite> <!-- com.atmecs.qa.falcondashboard.testscript.TC37_EndTime -->
